#
# There is insufficient memory for the Java Runtime Environment to continue.
# Native memory allocation (malloc) failed to allocate 1919376 bytes for Chunk::new
# Possible reasons:
#   The system is out of physical RAM or swap space
#   The process is running with CompressedOops enabled, and the Java Heap may be blocking the growth of the native heap
# Possible solutions:
#   Reduce memory load on the system
#   Increase physical memory or swap space
#   Check if swap backing store is full
#   Decrease Java heap size (-Xmx/-Xms)
#   Decrease number of Java threads
#   Decrease Java thread stack sizes (-Xss)
#   Set larger code cache with -XX:ReservedCodeCacheSize=
#   JVM is running with Unscaled Compressed Oops mode in which the Java heap is
#     placed in the first 4GB address space. The Java Heap base address is the
#     maximum limit for the native heap growth. Please use -XX:HeapBaseMinAddress
#     to set the Java Heap base and to place the Java Heap above 4GB virtual address.
# This output file may be truncated or incomplete.
#
#  Out of Memory Error (./src/hotspot/share/memory/arena.cpp:197), pid=18040, tid=17748
#
# JRE version: OpenJDK Runtime Environment (11.0.11+9) (build 11.0.11+9-b60-7590822)
# Java VM: OpenJDK 64-Bit Server VM (11.0.11+9-b60-7590822, mixed mode, tiered, compressed oops, g1 gc, windows-amd64)
# No core dump will be written. Minidumps are not enabled by default on client versions of Windows
#

---------------  S U M M A R Y ------------

Command Line: --add-opens=java.base/java.util=ALL-UNNAMED --add-opens=java.base/java.lang=ALL-UNNAMED --add-opens=java.base/java.lang.invoke=ALL-UNNAMED --add-opens=java.base/java.util=ALL-UNNAMED --add-opens=java.prefs/java.util.prefs=ALL-UNNAMED --add-opens=java.prefs/java.util.prefs=ALL-UNNAMED --add-opens=java.base/java.nio.charset=ALL-UNNAMED --add-opens=java.base/java.net=ALL-UNNAMED --add-opens=java.base/java.util.concurrent.atomic=ALL-UNNAMED -Xmx2048m -Dfile.encoding=UTF-8 -Duser.country=US -Duser.language=en -Duser.variant org.gradle.launcher.daemon.bootstrap.GradleDaemon 7.2

Host: Intel(R) Core(TM) i3-1005G1 CPU @ 1.20GHz, 4 cores, 15G,  Windows 10 , 64 bit Build 19041 (10.0.19041.1645)
Time: Sun May  1 13:18:24 2022 Central Daylight Time elapsed time: 22.218479 seconds (0d 0h 0m 22s)

---------------  T H R E A D  ---------------

Current thread (0x0000022c194a4000):  JavaThread "C2 CompilerThread0" daemon [_thread_in_native, id=17748, stack(0x0000002faad00000,0x0000002faae00000)]


Current CompileTask:
C2:  22218 10350   !   4       org.gradle.internal.instantiation.generator.DependencyInjectingInstantiator::doCreate (64 bytes)

Stack: [0x0000002faad00000,0x0000002faae00000]
Native frames: (J=compiled Java code, j=interpreted, Vv=VM code, C=native code)
V  [jvm.dll+0x5f214a]
V  [jvm.dll+0x726fb5]
V  [jvm.dll+0x7285cd]
V  [jvm.dll+0x728c83]
V  [jvm.dll+0x243278]
V  [jvm.dll+0xbc53c]
V  [jvm.dll+0xbca3c]
V  [jvm.dll+0x353e3b]
V  [jvm.dll+0x19895c]
V  [jvm.dll+0x1fc2ee]
V  [jvm.dll+0x1fb3d4]
V  [jvm.dll+0x183d6c]
V  [jvm.dll+0x209a57]
V  [jvm.dll+0x2082a1]
V  [jvm.dll+0x6ef58f]
V  [jvm.dll+0x6e80b5]
V  [jvm.dll+0x5f1036]
C  [ucrtbase.dll+0x21bb2]
C  [KERNEL32.DLL+0x17034]
C  [ntdll.dll+0x52651]


---------------  P R O C E S S  ---------------

Threads class SMR info:
_java_thread_list=0x0000022c232bf6f0, length=86, elements={
0x0000022c7cfcb800, 0x0000022c18c0c800, 0x0000022c18c1d000, 0x0000022c1949e000,
0x0000022c1949f000, 0x0000022c194a0800, 0x0000022c194a4000, 0x0000022c194ab000,
0x0000022c194ad000, 0x0000022c19617000, 0x0000022c1b5f2000, 0x0000022c1a85b000,
0x0000022c1b5e7000, 0x0000022c1a44a800, 0x0000022c1b375000, 0x0000022c1c110800,
0x0000022c1bf91000, 0x0000022c1b6e3000, 0x0000022c1bb38000, 0x0000022c1c32d800,
0x0000022c1c328800, 0x0000022c1c32a000, 0x0000022c1c32e800, 0x0000022c1c32c000,
0x0000022c1c329800, 0x0000022c1c32f000, 0x0000022c1c32b000, 0x0000022c1c32c800,
0x0000022c1c02f800, 0x0000022c1c033800, 0x0000022c1c034000, 0x0000022c1c036000,
0x0000022c1c036800, 0x0000022c1c031800, 0x0000022c1c031000, 0x0000022c1c037800,
0x0000022c1c038000, 0x0000022c1c032800, 0x0000022c1c03a800, 0x0000022c1c03b800,
0x0000022c1c03c800, 0x0000022c1c03d000, 0x0000022c1c039000, 0x0000022c1c03e000,
0x0000022c1c03a000, 0x0000022c1a0d6000, 0x0000022c1a0db000, 0x0000022c1a0dc800,
0x0000022c1a0d7800, 0x0000022c1a0db800, 0x0000022c1a0d9000, 0x0000022c1a0d7000,
0x0000022c1a0d8800, 0x0000022c1a0dd800, 0x0000022c1a0de000, 0x0000022c1a0df000,
0x0000022c1a0e0000, 0x0000022c1a0da000, 0x0000022c1a0e3000, 0x0000022c1a0e0800,
0x0000022c1a0e4000, 0x0000022c1a0e2000, 0x0000022c1a0e1800, 0x0000022c1a0e4800,
0x0000022c1a57d800, 0x0000022c1a57f800, 0x0000022c1a57c000, 0x0000022c1a580000,
0x0000022c1a582000, 0x0000022c1a57e800, 0x0000022c1a57d000, 0x0000022c1a582800,
0x0000022c1a581000, 0x0000022c1a588800, 0x0000022c1a587800, 0x0000022c1a586800,
0x0000022c1a589000, 0x0000022c1b518800, 0x0000022c1a583800, 0x0000022c1a584800,
0x0000022c1a585000, 0x0000022c1a586000, 0x0000022c1a58b000, 0x0000022c23720000,
0x0000022c23721000, 0x0000022c23725000
}

Java Threads: ( => current thread )
  0x0000022c7cfcb800 JavaThread "main" [_thread_blocked, id=14968, stack(0x0000002faa100000,0x0000002faa200000)]
  0x0000022c18c0c800 JavaThread "Reference Handler" daemon [_thread_blocked, id=9380, stack(0x0000002faa800000,0x0000002faa900000)]
  0x0000022c18c1d000 JavaThread "Finalizer" daemon [_thread_blocked, id=13192, stack(0x0000002faa900000,0x0000002faaa00000)]
  0x0000022c1949e000 JavaThread "Signal Dispatcher" daemon [_thread_blocked, id=17192, stack(0x0000002faaa00000,0x0000002faab00000)]
  0x0000022c1949f000 JavaThread "Attach Listener" daemon [_thread_blocked, id=16404, stack(0x0000002faab00000,0x0000002faac00000)]
  0x0000022c194a0800 JavaThread "Service Thread" daemon [_thread_blocked, id=13048, stack(0x0000002faac00000,0x0000002faad00000)]
=>0x0000022c194a4000 JavaThread "C2 CompilerThread0" daemon [_thread_in_native, id=17748, stack(0x0000002faad00000,0x0000002faae00000)]
  0x0000022c194ab000 JavaThread "C1 CompilerThread0" daemon [_thread_in_native, id=12428, stack(0x0000002faae00000,0x0000002faaf00000)]
  0x0000022c194ad000 JavaThread "Sweeper thread" daemon [_thread_blocked, id=17944, stack(0x0000002faaf00000,0x0000002fab000000)]
  0x0000022c19617000 JavaThread "Common-Cleaner" daemon [_thread_blocked, id=10084, stack(0x0000002fab000000,0x0000002fab100000)]
  0x0000022c1b5f2000 JavaThread "Daemon health stats" [_thread_blocked, id=17936, stack(0x0000002fab600000,0x0000002fab700000)]
  0x0000022c1a85b000 JavaThread "Incoming local TCP Connector on port 49360" [_thread_in_native, id=9436, stack(0x0000002fab200000,0x0000002fab300000)]
  0x0000022c1b5e7000 JavaThread "Daemon periodic checks" [_thread_blocked, id=6408, stack(0x0000002fab800000,0x0000002fab900000)]
  0x0000022c1a44a800 JavaThread "Daemon" [_thread_blocked, id=4868, stack(0x0000002fab900000,0x0000002faba00000)]
  0x0000022c1b375000 JavaThread "Handler for socket connection from /127.0.0.1:49360 to /127.0.0.1:49361" [_thread_in_native, id=17964, stack(0x0000002faba00000,0x0000002fabb00000)]
  0x0000022c1c110800 JavaThread "Cancel handler" [_thread_blocked, id=14588, stack(0x0000002fabb00000,0x0000002fabc00000)]
  0x0000022c1bf91000 JavaThread "Daemon worker" [_thread_in_vm, id=16848, stack(0x0000002fabc00000,0x0000002fabd00000)]
  0x0000022c1b6e3000 JavaThread "Asynchronous log dispatcher for DefaultDaemonConnection: socket connection from /127.0.0.1:49360 to /127.0.0.1:49361" [_thread_blocked, id=19380, stack(0x0000002fabd00000,0x0000002fabe00000)]
  0x0000022c1bb38000 JavaThread "Stdin handler" [_thread_blocked, id=16376, stack(0x0000002fabe00000,0x0000002fabf00000)]
  0x0000022c1c32d800 JavaThread "Daemon client event forwarder" [_thread_blocked, id=5520, stack(0x0000002fabf00000,0x0000002fac000000)]
  0x0000022c1c328800 JavaThread "Cache worker for journal cache (C:\Users\bossp\.gradle\caches\journal-1)" [_thread_blocked, id=16492, stack(0x0000002fab700000,0x0000002fab800000)]
  0x0000022c1c32a000 JavaThread "File lock request listener" [_thread_in_native, id=14352, stack(0x0000002fac000000,0x0000002fac100000)]
  0x0000022c1c32e800 JavaThread "Cache worker for file hash cache (C:\Users\bossp\.gradle\caches\7.2\fileHashes)" [_thread_blocked, id=18268, stack(0x0000002fac100000,0x0000002fac200000)]
  0x0000022c1c32c000 JavaThread "Cache worker for file hash cache (C:\Users\bossp\1_yn_6\Frontend2\AndroidReccomendMe\.gradle\7.2\fileHashes)" [_thread_blocked, id=7260, stack(0x0000002fac300000,0x0000002fac400000)]
  0x0000022c1c329800 JavaThread "File watcher server" daemon [_thread_in_native, id=10076, stack(0x0000002fac400000,0x0000002fac500000)]
  0x0000022c1c32f000 JavaThread "File watcher consumer" daemon [_thread_blocked, id=15764, stack(0x0000002fac500000,0x0000002fac600000)]
  0x0000022c1c32b000 JavaThread "Cache worker for checksums cache (C:\Users\bossp\1_yn_6\Frontend2\AndroidReccomendMe\.gradle\checksums)" [_thread_blocked, id=11564, stack(0x0000002fac600000,0x0000002fac700000)]
  0x0000022c1c32c800 JavaThread "Cache worker for cache directory md-supplier (C:\Users\bossp\.gradle\caches\7.2\md-supplier)" [_thread_blocked, id=16212, stack(0x0000002fac700000,0x0000002fac800000)]
  0x0000022c1c02f800 JavaThread "Cache worker for cache directory md-rule (C:\Users\bossp\.gradle\caches\7.2\md-rule)" [_thread_blocked, id=1532, stack(0x0000002fac800000,0x0000002fac900000)]
  0x0000022c1c033800 JavaThread "Cache worker for execution history cache (C:\Users\bossp\.gradle\caches\7.2\executionHistory)" [_thread_blocked, id=17524, stack(0x0000002fac900000,0x0000002faca00000)]
  0x0000022c1c034000 JavaThread "jar transforms" [_thread_blocked, id=17380, stack(0x0000002faca00000,0x0000002facb00000)]
  0x0000022c1c036000 JavaThread "Cache worker for file content cache (C:\Users\bossp\.gradle\caches\7.2\fileContent)" [_thread_blocked, id=18132, stack(0x0000002facb00000,0x0000002facc00000)]
  0x0000022c1c036800 JavaThread "jar transforms Thread 2" [_thread_blocked, id=2588, stack(0x0000002facc00000,0x0000002facd00000)]
  0x0000022c1c031800 JavaThread "Cache worker for dependencies-accessors (C:\Users\bossp\1_yn_6\Frontend2\AndroidReccomendMe\.gradle\7.2\dependencies-accessors)" [_thread_blocked, id=19112, stack(0x0000002fac200000,0x0000002fac300000)]
  0x0000022c1c031000 JavaThread "jar transforms Thread 3" [_thread_blocked, id=19188, stack(0x0000002face00000,0x0000002facf00000)]
  0x0000022c1c037800 JavaThread "Cache worker for Build Output Cleanup Cache (C:\Users\bossp\1_yn_6\Frontend2\AndroidReccomendMe\.gradle\buildOutputCleanup)" [_thread_blocked, id=16940, stack(0x0000002facf00000,0x0000002fad000000)]
  0x0000022c1c038000 JavaThread "Unconstrained build operations" [_thread_blocked, id=14676, stack(0x0000002fad000000,0x0000002fad100000)]
  0x0000022c1c032800 JavaThread "Unconstrained build operations Thread 2" [_thread_blocked, id=13828, stack(0x0000002fad100000,0x0000002fad200000)]
  0x0000022c1c03a800 JavaThread "Unconstrained build operations Thread 3" [_thread_blocked, id=17420, stack(0x0000002fad200000,0x0000002fad300000)]
  0x0000022c1c03b800 JavaThread "Unconstrained build operations Thread 4" [_thread_blocked, id=8824, stack(0x0000002fad300000,0x0000002fad400000)]
  0x0000022c1c03c800 JavaThread "Unconstrained build operations Thread 5" [_thread_blocked, id=1344, stack(0x0000002fad400000,0x0000002fad500000)]
  0x0000022c1c03d000 JavaThread "Unconstrained build operations Thread 6" [_thread_blocked, id=6180, stack(0x0000002fad500000,0x0000002fad600000)]
  0x0000022c1c039000 JavaThread "Unconstrained build operations Thread 7" [_thread_blocked, id=13052, stack(0x0000002fad600000,0x0000002fad700000)]
  0x0000022c1c03e000 JavaThread "Unconstrained build operations Thread 8" [_thread_blocked, id=19028, stack(0x0000002fad700000,0x0000002fad800000)]
  0x0000022c1c03a000 JavaThread "Unconstrained build operations Thread 9" [_thread_blocked, id=2128, stack(0x0000002fad800000,0x0000002fad900000)]
  0x0000022c1a0d6000 JavaThread "Unconstrained build operations Thread 10" [_thread_blocked, id=17076, stack(0x0000002fad900000,0x0000002fada00000)]
  0x0000022c1a0db000 JavaThread "Unconstrained build operations Thread 11" [_thread_blocked, id=17968, stack(0x0000002fada00000,0x0000002fadb00000)]
  0x0000022c1a0dc800 JavaThread "Unconstrained build operations Thread 12" [_thread_blocked, id=15292, stack(0x0000002fadb00000,0x0000002fadc00000)]
  0x0000022c1a0d7800 JavaThread "Unconstrained build operations Thread 13" [_thread_blocked, id=10488, stack(0x0000002fadc00000,0x0000002fadd00000)]
  0x0000022c1a0db800 JavaThread "Unconstrained build operations Thread 14" [_thread_blocked, id=2412, stack(0x0000002fadd00000,0x0000002fade00000)]
  0x0000022c1a0d9000 JavaThread "Unconstrained build operations Thread 15" [_thread_blocked, id=2060, stack(0x0000002fade00000,0x0000002fadf00000)]
  0x0000022c1a0d7000 JavaThread "Unconstrained build operations Thread 16" [_thread_blocked, id=7884, stack(0x0000002fadf00000,0x0000002fae000000)]
  0x0000022c1a0d8800 JavaThread "Unconstrained build operations Thread 17" [_thread_blocked, id=19376, stack(0x0000002fae000000,0x0000002fae100000)]
  0x0000022c1a0dd800 JavaThread "Unconstrained build operations Thread 18" [_thread_blocked, id=12132, stack(0x0000002fae100000,0x0000002fae200000)]
  0x0000022c1a0de000 JavaThread "Unconstrained build operations Thread 19" [_thread_blocked, id=1552, stack(0x0000002fae200000,0x0000002fae300000)]
  0x0000022c1a0df000 JavaThread "Unconstrained build operations Thread 20" [_thread_blocked, id=13148, stack(0x0000002fae300000,0x0000002fae400000)]
  0x0000022c1a0e0000 JavaThread "Unconstrained build operations Thread 21" [_thread_blocked, id=12400, stack(0x0000002fae400000,0x0000002fae500000)]
  0x0000022c1a0da000 JavaThread "Unconstrained build operations Thread 22" [_thread_blocked, id=6096, stack(0x0000002fae500000,0x0000002fae600000)]
  0x0000022c1a0e3000 JavaThread "Unconstrained build operations Thread 23" [_thread_blocked, id=14872, stack(0x0000002fae600000,0x0000002fae700000)]
  0x0000022c1a0e0800 JavaThread "Unconstrained build operations Thread 24" [_thread_blocked, id=16560, stack(0x0000002fae700000,0x0000002fae800000)]
  0x0000022c1a0e4000 JavaThread "Unconstrained build operations Thread 25" [_thread_blocked, id=3036, stack(0x0000002fae800000,0x0000002fae900000)]
  0x0000022c1a0e2000 JavaThread "Unconstrained build operations Thread 26" [_thread_blocked, id=7088, stack(0x0000002fae900000,0x0000002faea00000)]
  0x0000022c1a0e1800 JavaThread "Unconstrained build operations Thread 27" [_thread_blocked, id=12080, stack(0x0000002faea00000,0x0000002faeb00000)]
  0x0000022c1a0e4800 JavaThread "Unconstrained build operations Thread 28" [_thread_blocked, id=14172, stack(0x0000002faeb00000,0x0000002faec00000)]
  0x0000022c1a57d800 JavaThread "Unconstrained build operations Thread 29" [_thread_blocked, id=18024, stack(0x0000002faec00000,0x0000002faed00000)]
  0x0000022c1a57f800 JavaThread "Unconstrained build operations Thread 30" [_thread_blocked, id=19360, stack(0x0000002faed00000,0x0000002faee00000)]
  0x0000022c1a57c000 JavaThread "Unconstrained build operations Thread 31" [_thread_blocked, id=16464, stack(0x0000002faee00000,0x0000002faef00000)]
  0x0000022c1a580000 JavaThread "Unconstrained build operations Thread 32" [_thread_blocked, id=16776, stack(0x0000002faef00000,0x0000002faf000000)]
  0x0000022c1a582000 JavaThread "Unconstrained build operations Thread 33" [_thread_blocked, id=16096, stack(0x0000002faf000000,0x0000002faf100000)]
  0x0000022c1a57e800 JavaThread "Unconstrained build operations Thread 34" [_thread_blocked, id=15500, stack(0x0000002faf100000,0x0000002faf200000)]
  0x0000022c1a57d000 JavaThread "Unconstrained build operations Thread 35" [_thread_blocked, id=1412, stack(0x0000002faf200000,0x0000002faf300000)]
  0x0000022c1a582800 JavaThread "Unconstrained build operations Thread 36" [_thread_blocked, id=16912, stack(0x0000002faf300000,0x0000002faf400000)]
  0x0000022c1a581000 JavaThread "Unconstrained build operations Thread 37" [_thread_blocked, id=15412, stack(0x0000002faf400000,0x0000002faf500000)]
  0x0000022c1a588800 JavaThread "Unconstrained build operations Thread 38" [_thread_blocked, id=12332, stack(0x0000002faf500000,0x0000002faf600000)]
  0x0000022c1a587800 JavaThread "Unconstrained build operations Thread 39" [_thread_blocked, id=18224, stack(0x0000002faf600000,0x0000002faf700000)]
  0x0000022c1a586800 JavaThread "Unconstrained build operations Thread 40" [_thread_blocked, id=15264, stack(0x0000002faf700000,0x0000002faf800000)]
  0x0000022c1a589000 JavaThread "jar transforms Thread 4" [_thread_blocked, id=19212, stack(0x0000002faf800000,0x0000002faf900000)]
  0x0000022c1b518800 JavaThread "C2 CompilerThread1" daemon [_thread_blocked, id=1832, stack(0x0000002facd00000,0x0000002face00000)]
  0x0000022c1a583800 JavaThread "Memory manager" [_thread_blocked, id=16736, stack(0x0000002faf900000,0x0000002fafa00000)]
  0x0000022c1a584800 JavaThread "build event listener" [_thread_blocked, id=16648, stack(0x0000002fafa00000,0x0000002fafb00000)]
  0x0000022c1a585000 JavaThread "pool-3-thread-1" [_thread_blocked, id=9808, stack(0x0000002fafb00000,0x0000002fafc00000)]
  0x0000022c1a586000 JavaThread "build event listener" [_thread_blocked, id=9824, stack(0x0000002fafc00000,0x0000002fafd00000)]
  0x0000022c1a58b000 JavaThread "Execution worker for ':'" [_thread_blocked, id=408, stack(0x0000002fafd00000,0x0000002fafe00000)]
  0x0000022c23720000 JavaThread "Execution worker for ':' Thread 2" [_thread_blocked, id=9836, stack(0x0000002fafe00000,0x0000002faff00000)]
  0x0000022c23721000 JavaThread "Execution worker for ':' Thread 3" [_thread_blocked, id=6760, stack(0x0000002faff00000,0x0000002fb0000000)]
  0x0000022c23725000 JavaThread "Cache worker for execution history cache (C:\Users\bossp\1_yn_6\Frontend2\AndroidReccomendMe\.gradle\7.2\executionHistory)" [_thread_blocked, id=16232, stack(0x0000002fb0000000,0x0000002fb0100000)]

Other Threads:
  0x0000022c1944a000 VMThread "VM Thread" [stack: 0x0000002faa700000,0x0000002faa800000] [id=9452]
  0x0000022c19626000 WatcherThread [stack: 0x0000002fab100000,0x0000002fab200000] [id=17608]
  0x0000022c7cfe4000 GCTaskThread "GC Thread#0" [stack: 0x0000002faa200000,0x0000002faa300000] [id=2172]
  0x0000022c1a26a000 GCTaskThread "GC Thread#1" [stack: 0x0000002fab300000,0x0000002fab400000] [id=17308]
  0x0000022c1a3b4000 GCTaskThread "GC Thread#2" [stack: 0x0000002fab400000,0x0000002fab500000] [id=15920]
  0x0000022c1a190000 GCTaskThread "GC Thread#3" [stack: 0x0000002fab500000,0x0000002fab600000] [id=17572]
  0x0000022c7d015800 ConcurrentGCThread "G1 Main Marker" [stack: 0x0000002faa300000,0x0000002faa400000] [id=16040]
  0x0000022c7d016800 ConcurrentGCThread "G1 Conc#0" [stack: 0x0000002faa400000,0x0000002faa500000] [id=17668]
  0x0000022c18a82800 ConcurrentGCThread "G1 Refine#0" [stack: 0x0000002faa500000,0x0000002faa600000] [id=17496]
  0x0000022c18a83800 ConcurrentGCThread "G1 Young RemSet Sampling" [stack: 0x0000002faa600000,0x0000002faa700000] [id=18620]

Threads with active compile tasks:
C2 CompilerThread0  22248 10350   !   4       org.gradle.internal.instantiation.generator.DependencyInjectingInstantiator::doCreate (64 bytes)

VM state:not at safepoint (normal execution)

VM Mutex/Monitor currently owned by a thread: None

Heap address: 0x0000000080000000, size: 2048 MB, Compressed Oops mode: 32-bit
Narrow klass base: 0x0000000000000000, Narrow klass shift: 3
Compressed class space size: 1073741824 Address: 0x0000000100000000

Heap:
 garbage-first heap   total 260096K, used 146833K [0x0000000080000000, 0x0000000100000000)
  region size 1024K, 90 young (92160K), 15 survivors (15360K)
 Metaspace       used 84981K, capacity 87088K, committed 87372K, reserved 1126400K
  class space    used 10931K, capacity 11734K, committed 11852K, reserved 1048576K
Heap Regions: E=young(eden), S=young(survivor), O=old, HS=humongous(starts), HC=humongous(continues), CS=collection set, F=free, A=archive, TAMS=top-at-mark-start (previous, next)
|   0|0x0000000080000000, 0x0000000080100000, 0x0000000080100000|100%| O|  |TAMS 0x0000000080100000, 0x0000000080000000| Untracked 
|   1|0x0000000080100000, 0x0000000080200000, 0x0000000080200000|100%| O|  |TAMS 0x0000000080200000, 0x0000000080100000| Untracked 
|   2|0x0000000080200000, 0x0000000080300000, 0x0000000080300000|100%| O|  |TAMS 0x0000000080300000, 0x0000000080200000| Untracked 
|   3|0x0000000080300000, 0x0000000080400000, 0x0000000080400000|100%|HS|  |TAMS 0x0000000080400000, 0x0000000080300000| Complete 
|   4|0x0000000080400000, 0x0000000080500000, 0x0000000080500000|100%|HC|  |TAMS 0x0000000080500000, 0x0000000080400000| Complete 
|   5|0x0000000080500000, 0x0000000080600000, 0x0000000080600000|100%|HC|  |TAMS 0x0000000080600000, 0x0000000080500000| Complete 
|   6|0x0000000080600000, 0x0000000080700000, 0x0000000080700000|100%| O|  |TAMS 0x0000000080700000, 0x0000000080600000| Untracked 
|   7|0x0000000080700000, 0x0000000080800000, 0x0000000080800000|100%| O|  |TAMS 0x0000000080800000, 0x0000000080700000| Untracked 
|   8|0x0000000080800000, 0x0000000080900000, 0x0000000080900000|100%| O|  |TAMS 0x0000000080900000, 0x0000000080800000| Untracked 
|   9|0x0000000080900000, 0x0000000080a00000, 0x0000000080a00000|100%| O|  |TAMS 0x0000000080a00000, 0x0000000080900000| Untracked 
|  10|0x0000000080a00000, 0x0000000080b00000, 0x0000000080b00000|100%| O|  |TAMS 0x0000000080b00000, 0x0000000080a00000| Untracked 
|  11|0x0000000080b00000, 0x0000000080c00000, 0x0000000080c00000|100%| O|  |TAMS 0x0000000080c00000, 0x0000000080b00000| Untracked 
|  12|0x0000000080c00000, 0x0000000080d00000, 0x0000000080d00000|100%| O|  |TAMS 0x0000000080d00000, 0x0000000080c00000| Untracked 
|  13|0x0000000080d00000, 0x0000000080e00000, 0x0000000080e00000|100%| O|  |TAMS 0x0000000080e00000, 0x0000000080d00000| Untracked 
|  14|0x0000000080e00000, 0x0000000080f00000, 0x0000000080f00000|100%| O|  |TAMS 0x0000000080f00000, 0x0000000080e00000| Untracked 
|  15|0x0000000080f00000, 0x0000000081000000, 0x0000000081000000|100%| O|  |TAMS 0x0000000081000000, 0x0000000080f00000| Untracked 
|  16|0x0000000081000000, 0x0000000081100000, 0x0000000081100000|100%|HS|  |TAMS 0x0000000081100000, 0x0000000081000000| Complete 
|  17|0x0000000081100000, 0x0000000081200000, 0x0000000081200000|100%|HS|  |TAMS 0x0000000081200000, 0x0000000081100000| Complete 
|  18|0x0000000081200000, 0x0000000081300000, 0x0000000081300000|100%|HS|  |TAMS 0x0000000081300000, 0x0000000081200000| Complete 
|  19|0x0000000081300000, 0x0000000081400000, 0x0000000081400000|100%|HS|  |TAMS 0x0000000081400000, 0x0000000081300000| Complete 
|  20|0x0000000081400000, 0x0000000081500000, 0x0000000081500000|100%|HC|  |TAMS 0x0000000081500000, 0x0000000081400000| Complete 
|  21|0x0000000081500000, 0x0000000081600000, 0x0000000081600000|100%| O|  |TAMS 0x0000000081600000, 0x0000000081500000| Untracked 
|  22|0x0000000081600000, 0x0000000081700000, 0x0000000081700000|100%| O|  |TAMS 0x0000000081700000, 0x0000000081600000| Untracked 
|  23|0x0000000081700000, 0x0000000081800000, 0x0000000081800000|100%| O|  |TAMS 0x0000000081800000, 0x0000000081700000| Untracked 
|  24|0x0000000081800000, 0x0000000081900000, 0x0000000081900000|100%| O|  |TAMS 0x0000000081900000, 0x0000000081800000| Untracked 
|  25|0x0000000081900000, 0x0000000081a00000, 0x0000000081a00000|100%| O|  |TAMS 0x0000000081a00000, 0x0000000081900000| Untracked 
|  26|0x0000000081a00000, 0x0000000081b00000, 0x0000000081b00000|100%| O|  |TAMS 0x0000000081b00000, 0x0000000081a00000| Untracked 
|  27|0x0000000081b00000, 0x0000000081c00000, 0x0000000081c00000|100%| O|  |TAMS 0x0000000081c00000, 0x0000000081b00000| Untracked 
|  28|0x0000000081c00000, 0x0000000081d00000, 0x0000000081d00000|100%| O|  |TAMS 0x0000000081d00000, 0x0000000081c00000| Untracked 
|  29|0x0000000081d00000, 0x0000000081e00000, 0x0000000081e00000|100%| O|  |TAMS 0x0000000081e00000, 0x0000000081d00000| Untracked 
|  30|0x0000000081e00000, 0x0000000081f00000, 0x0000000081f00000|100%| O|  |TAMS 0x0000000081f00000, 0x0000000081e00000| Untracked 
|  31|0x0000000081f00000, 0x0000000082000000, 0x0000000082000000|100%| O|  |TAMS 0x0000000082000000, 0x0000000081f00000| Untracked 
|  32|0x0000000082000000, 0x0000000082100000, 0x0000000082100000|100%| O|  |TAMS 0x0000000082100000, 0x0000000082000000| Untracked 
|  33|0x0000000082100000, 0x0000000082200000, 0x0000000082200000|100%| O|  |TAMS 0x0000000082200000, 0x0000000082100000| Untracked 
|  34|0x0000000082200000, 0x0000000082300000, 0x0000000082300000|100%| O|  |TAMS 0x0000000082300000, 0x0000000082200000| Untracked 
|  35|0x0000000082300000, 0x0000000082400000, 0x0000000082400000|100%| O|  |TAMS 0x0000000082400000, 0x0000000082300000| Untracked 
|  36|0x0000000082400000, 0x0000000082500000, 0x0000000082500000|100%| O|  |TAMS 0x0000000082500000, 0x0000000082400000| Untracked 
|  37|0x0000000082500000, 0x0000000082600000, 0x0000000082600000|100%| O|  |TAMS 0x0000000082600000, 0x0000000082500000| Untracked 
|  38|0x0000000082600000, 0x0000000082700000, 0x0000000082700000|100%| O|  |TAMS 0x0000000082700000, 0x0000000082600000| Untracked 
|  39|0x0000000082700000, 0x0000000082800000, 0x0000000082800000|100%| O|  |TAMS 0x0000000082800000, 0x0000000082700000| Untracked 
|  40|0x0000000082800000, 0x0000000082900000, 0x0000000082900000|100%| O|  |TAMS 0x0000000082900000, 0x0000000082800000| Untracked 
|  41|0x0000000082900000, 0x0000000082a00000, 0x0000000082a00000|100%| O|  |TAMS 0x0000000082a00000, 0x0000000082900000| Untracked 
|  42|0x0000000082a00000, 0x0000000082b00000, 0x0000000082b00000|100%| O|  |TAMS 0x0000000082b00000, 0x0000000082a00000| Untracked 
|  43|0x0000000082b00000, 0x0000000082c00000, 0x0000000082c00000|100%| O|  |TAMS 0x0000000082b8e600, 0x0000000082b00000| Untracked 
|  44|0x0000000082c00000, 0x0000000082d00000, 0x0000000082d00000|100%| O|  |TAMS 0x0000000082c00000, 0x0000000082c00000| Untracked 
|  45|0x0000000082d00000, 0x0000000082e00000, 0x0000000082e00000|100%| O|  |TAMS 0x0000000082d00000, 0x0000000082d00000| Untracked 
|  46|0x0000000082e00000, 0x0000000082f00000, 0x0000000082f00000|100%| O|  |TAMS 0x0000000082e00000, 0x0000000082e00000| Untracked 
|  47|0x0000000082f00000, 0x0000000083000000, 0x0000000083000000|100%| O|  |TAMS 0x0000000082f00000, 0x0000000082f00000| Untracked 
|  48|0x0000000083000000, 0x0000000083100000, 0x0000000083100000|100%| O|  |TAMS 0x0000000083000000, 0x0000000083000000| Untracked 
|  49|0x0000000083100000, 0x0000000083200000, 0x0000000083200000|100%| O|  |TAMS 0x0000000083100000, 0x0000000083100000| Untracked 
|  50|0x0000000083200000, 0x0000000083300000, 0x0000000083300000|100%| O|  |TAMS 0x0000000083200000, 0x0000000083200000| Untracked 
|  51|0x0000000083300000, 0x0000000083400000, 0x0000000083400000|100%| O|  |TAMS 0x0000000083300000, 0x0000000083300000| Untracked 
|  52|0x0000000083400000, 0x0000000083500000, 0x0000000083500000|100%| O|  |TAMS 0x0000000083400000, 0x0000000083400000| Untracked 
|  53|0x0000000083500000, 0x0000000083600000, 0x0000000083600000|100%| O|  |TAMS 0x0000000083500000, 0x0000000083500000| Untracked 
|  54|0x0000000083600000, 0x0000000083700000, 0x0000000083700000|100%| O|  |TAMS 0x0000000083600000, 0x0000000083600000| Untracked 
|  55|0x0000000083700000, 0x0000000083764400, 0x0000000083800000| 39%| O|  |TAMS 0x0000000083700000, 0x0000000083700000| Untracked 
|  56|0x0000000083800000, 0x0000000083800000, 0x0000000083900000|  0%| F|  |TAMS 0x0000000083800000, 0x0000000083800000| Untracked 
|  57|0x0000000083900000, 0x0000000083900000, 0x0000000083a00000|  0%| F|  |TAMS 0x0000000083900000, 0x0000000083900000| Untracked 
|  58|0x0000000083a00000, 0x0000000083a00000, 0x0000000083b00000|  0%| F|  |TAMS 0x0000000083a00000, 0x0000000083a00000| Untracked 
|  59|0x0000000083b00000, 0x0000000083b00000, 0x0000000083c00000|  0%| F|  |TAMS 0x0000000083b00000, 0x0000000083b00000| Untracked 
|  60|0x0000000083c00000, 0x0000000083c00000, 0x0000000083d00000|  0%| F|  |TAMS 0x0000000083c00000, 0x0000000083c00000| Untracked 
|  61|0x0000000083d00000, 0x0000000083d00000, 0x0000000083e00000|  0%| F|  |TAMS 0x0000000083d00000, 0x0000000083d00000| Untracked 
|  62|0x0000000083e00000, 0x0000000083e00000, 0x0000000083f00000|  0%| F|  |TAMS 0x0000000083e00000, 0x0000000083e00000| Untracked 
|  63|0x0000000083f00000, 0x0000000083f00000, 0x0000000084000000|  0%| F|  |TAMS 0x0000000083f00000, 0x0000000083f00000| Untracked 
|  64|0x0000000084000000, 0x0000000084000000, 0x0000000084100000|  0%| F|  |TAMS 0x0000000084000000, 0x0000000084000000| Untracked 
|  65|0x0000000084100000, 0x0000000084100000, 0x0000000084200000|  0%| F|  |TAMS 0x0000000084100000, 0x0000000084100000| Untracked 
|  66|0x0000000084200000, 0x0000000084200000, 0x0000000084300000|  0%| F|  |TAMS 0x0000000084200000, 0x0000000084200000| Untracked 
|  67|0x0000000084300000, 0x0000000084300000, 0x0000000084400000|  0%| F|  |TAMS 0x0000000084300000, 0x0000000084300000| Untracked 
|  68|0x0000000084400000, 0x0000000084400000, 0x0000000084500000|  0%| F|  |TAMS 0x0000000084400000, 0x0000000084400000| Untracked 
|  69|0x0000000084500000, 0x0000000084500000, 0x0000000084600000|  0%| F|  |TAMS 0x0000000084500000, 0x0000000084500000| Untracked 
|  70|0x0000000084600000, 0x0000000084600000, 0x0000000084700000|  0%| F|  |TAMS 0x0000000084600000, 0x0000000084600000| Untracked 
|  71|0x0000000084700000, 0x0000000084700000, 0x0000000084800000|  0%| F|  |TAMS 0x0000000084700000, 0x0000000084700000| Untracked 
|  72|0x0000000084800000, 0x0000000084800000, 0x0000000084900000|  0%| F|  |TAMS 0x0000000084800000, 0x0000000084800000| Untracked 
|  73|0x0000000084900000, 0x0000000084900000, 0x0000000084a00000|  0%| F|  |TAMS 0x0000000084900000, 0x0000000084900000| Untracked 
|  74|0x0000000084a00000, 0x0000000084a00000, 0x0000000084b00000|  0%| F|  |TAMS 0x0000000084a00000, 0x0000000084a00000| Untracked 
|  75|0x0000000084b00000, 0x0000000084b00000, 0x0000000084c00000|  0%| F|  |TAMS 0x0000000084b00000, 0x0000000084b00000| Untracked 
|  76|0x0000000084c00000, 0x0000000084c00000, 0x0000000084d00000|  0%| F|  |TAMS 0x0000000084c00000, 0x0000000084c00000| Untracked 
|  77|0x0000000084d00000, 0x0000000084d00000, 0x0000000084e00000|  0%| F|  |TAMS 0x0000000084d00000, 0x0000000084d00000| Untracked 
|  78|0x0000000084e00000, 0x0000000084e00000, 0x0000000084f00000|  0%| F|  |TAMS 0x0000000084e00000, 0x0000000084e00000| Untracked 
|  79|0x0000000084f00000, 0x0000000084f00000, 0x0000000085000000|  0%| F|  |TAMS 0x0000000084f00000, 0x0000000084f00000| Untracked 
|  80|0x0000000085000000, 0x0000000085000000, 0x0000000085100000|  0%| F|  |TAMS 0x0000000085000000, 0x0000000085000000| Untracked 
|  81|0x0000000085100000, 0x0000000085100000, 0x0000000085200000|  0%| F|  |TAMS 0x0000000085100000, 0x0000000085100000| Untracked 
|  82|0x0000000085200000, 0x0000000085200000, 0x0000000085300000|  0%| F|  |TAMS 0x0000000085200000, 0x0000000085200000| Untracked 
|  83|0x0000000085300000, 0x0000000085300000, 0x0000000085400000|  0%| F|  |TAMS 0x0000000085300000, 0x0000000085300000| Untracked 
|  84|0x0000000085400000, 0x0000000085400000, 0x0000000085500000|  0%| F|  |TAMS 0x0000000085400000, 0x0000000085400000| Untracked 
|  85|0x0000000085500000, 0x0000000085500000, 0x0000000085600000|  0%| F|  |TAMS 0x0000000085500000, 0x0000000085500000| Untracked 
|  86|0x0000000085600000, 0x0000000085600000, 0x0000000085700000|  0%| F|  |TAMS 0x0000000085600000, 0x0000000085600000| Untracked 
|  87|0x0000000085700000, 0x0000000085700000, 0x0000000085800000|  0%| F|  |TAMS 0x0000000085700000, 0x0000000085700000| Untracked 
|  88|0x0000000085800000, 0x0000000085800000, 0x0000000085900000|  0%| F|  |TAMS 0x0000000085800000, 0x0000000085800000| Untracked 
|  89|0x0000000085900000, 0x0000000085900000, 0x0000000085a00000|  0%| F|  |TAMS 0x0000000085900000, 0x0000000085900000| Untracked 
|  90|0x0000000085a00000, 0x0000000085a00000, 0x0000000085b00000|  0%| F|  |TAMS 0x0000000085a00000, 0x0000000085a00000| Untracked 
|  91|0x0000000085b00000, 0x0000000085b00000, 0x0000000085c00000|  0%| F|  |TAMS 0x0000000085b00000, 0x0000000085b00000| Untracked 
|  92|0x0000000085c00000, 0x0000000085c00000, 0x0000000085d00000|  0%| F|  |TAMS 0x0000000085c00000, 0x0000000085c00000| Untracked 
|  93|0x0000000085d00000, 0x0000000085d00000, 0x0000000085e00000|  0%| F|  |TAMS 0x0000000085d00000, 0x0000000085d00000| Untracked 
|  94|0x0000000085e00000, 0x0000000085e00000, 0x0000000085f00000|  0%| F|  |TAMS 0x0000000085e00000, 0x0000000085e00000| Untracked 
|  95|0x0000000085f00000, 0x0000000085f00000, 0x0000000086000000|  0%| F|  |TAMS 0x0000000085f00000, 0x0000000085f00000| Untracked 
|  96|0x0000000086000000, 0x0000000086000000, 0x0000000086100000|  0%| F|  |TAMS 0x0000000086000000, 0x0000000086000000| Untracked 
|  97|0x0000000086100000, 0x0000000086100000, 0x0000000086200000|  0%| F|  |TAMS 0x0000000086100000, 0x0000000086100000| Untracked 
|  98|0x0000000086200000, 0x0000000086200000, 0x0000000086300000|  0%| F|  |TAMS 0x0000000086200000, 0x0000000086200000| Untracked 
|  99|0x0000000086300000, 0x0000000086300000, 0x0000000086400000|  0%| F|  |TAMS 0x0000000086300000, 0x0000000086300000| Untracked 
| 100|0x0000000086400000, 0x0000000086400000, 0x0000000086500000|  0%| F|  |TAMS 0x0000000086400000, 0x0000000086400000| Untracked 
| 101|0x0000000086500000, 0x0000000086500000, 0x0000000086600000|  0%| F|  |TAMS 0x0000000086500000, 0x0000000086500000| Untracked 
| 102|0x0000000086600000, 0x0000000086600000, 0x0000000086700000|  0%| F|  |TAMS 0x0000000086600000, 0x0000000086600000| Untracked 
| 103|0x0000000086700000, 0x0000000086700000, 0x0000000086800000|  0%| F|  |TAMS 0x0000000086700000, 0x0000000086700000| Untracked 
| 104|0x0000000086800000, 0x0000000086800000, 0x0000000086900000|  0%| F|  |TAMS 0x0000000086800000, 0x0000000086800000| Untracked 
| 105|0x0000000086900000, 0x0000000086900000, 0x0000000086a00000|  0%| F|  |TAMS 0x0000000086900000, 0x0000000086900000| Untracked 
| 106|0x0000000086a00000, 0x0000000086a00000, 0x0000000086b00000|  0%| F|  |TAMS 0x0000000086a00000, 0x0000000086a00000| Untracked 
| 107|0x0000000086b00000, 0x0000000086b00000, 0x0000000086c00000|  0%| F|  |TAMS 0x0000000086b00000, 0x0000000086b00000| Untracked 
| 108|0x0000000086c00000, 0x0000000086c00000, 0x0000000086d00000|  0%| F|  |TAMS 0x0000000086c00000, 0x0000000086c00000| Untracked 
| 109|0x0000000086d00000, 0x0000000086d00000, 0x0000000086e00000|  0%| F|  |TAMS 0x0000000086d00000, 0x0000000086d00000| Untracked 
| 110|0x0000000086e00000, 0x0000000086e00000, 0x0000000086f00000|  0%| F|  |TAMS 0x0000000086e00000, 0x0000000086e00000| Untracked 
| 111|0x0000000086f00000, 0x0000000086f00000, 0x0000000087000000|  0%| F|  |TAMS 0x0000000086f00000, 0x0000000086f00000| Untracked 
| 112|0x0000000087000000, 0x0000000087000000, 0x0000000087100000|  0%| F|  |TAMS 0x0000000087000000, 0x0000000087000000| Untracked 
| 113|0x0000000087100000, 0x0000000087100000, 0x0000000087200000|  0%| F|  |TAMS 0x0000000087100000, 0x0000000087100000| Untracked 
| 114|0x0000000087200000, 0x0000000087200000, 0x0000000087300000|  0%| F|  |TAMS 0x0000000087200000, 0x0000000087200000| Untracked 
| 115|0x0000000087300000, 0x0000000087300000, 0x0000000087400000|  0%| F|  |TAMS 0x0000000087300000, 0x0000000087300000| Untracked 
| 116|0x0000000087400000, 0x0000000087400000, 0x0000000087500000|  0%| F|  |TAMS 0x0000000087400000, 0x0000000087400000| Untracked 
| 117|0x0000000087500000, 0x0000000087500000, 0x0000000087600000|  0%| F|  |TAMS 0x0000000087500000, 0x0000000087500000| Untracked 
| 118|0x0000000087600000, 0x0000000087600000, 0x0000000087700000|  0%| F|  |TAMS 0x0000000087600000, 0x0000000087600000| Untracked 
| 119|0x0000000087700000, 0x0000000087800000, 0x0000000087800000|100%| S|CS|TAMS 0x0000000087700000, 0x0000000087700000| Complete 
| 120|0x0000000087800000, 0x0000000087900000, 0x0000000087900000|100%| S|CS|TAMS 0x0000000087800000, 0x0000000087800000| Complete 
| 121|0x0000000087900000, 0x0000000087a00000, 0x0000000087a00000|100%| S|CS|TAMS 0x0000000087900000, 0x0000000087900000| Complete 
| 122|0x0000000087a00000, 0x0000000087b00000, 0x0000000087b00000|100%| S|CS|TAMS 0x0000000087a00000, 0x0000000087a00000| Complete 
| 123|0x0000000087b00000, 0x0000000087c00000, 0x0000000087c00000|100%| S|CS|TAMS 0x0000000087b00000, 0x0000000087b00000| Complete 
| 124|0x0000000087c00000, 0x0000000087d00000, 0x0000000087d00000|100%| S|CS|TAMS 0x0000000087c00000, 0x0000000087c00000| Complete 
| 125|0x0000000087d00000, 0x0000000087d00000, 0x0000000087e00000|  0%| F|  |TAMS 0x0000000087d00000, 0x0000000087d00000| Untracked 
| 126|0x0000000087e00000, 0x0000000087e00000, 0x0000000087f00000|  0%| F|  |TAMS 0x0000000087e00000, 0x0000000087e00000| Untracked 
| 127|0x0000000087f00000, 0x0000000087f00000, 0x0000000088000000|  0%| F|  |TAMS 0x0000000087f00000, 0x0000000087f00000| Untracked 
| 128|0x0000000088000000, 0x0000000088000000, 0x0000000088100000|  0%| F|  |TAMS 0x0000000088000000, 0x0000000088000000| Untracked 
| 129|0x0000000088100000, 0x0000000088100000, 0x0000000088200000|  0%| F|  |TAMS 0x0000000088100000, 0x0000000088100000| Untracked 
| 130|0x0000000088200000, 0x0000000088200000, 0x0000000088300000|  0%| F|  |TAMS 0x0000000088200000, 0x0000000088200000| Untracked 
| 131|0x0000000088300000, 0x0000000088300000, 0x0000000088400000|  0%| F|  |TAMS 0x0000000088300000, 0x0000000088300000| Untracked 
| 132|0x0000000088400000, 0x0000000088400000, 0x0000000088500000|  0%| F|  |TAMS 0x0000000088400000, 0x0000000088400000| Untracked 
| 133|0x0000000088500000, 0x0000000088600000, 0x0000000088600000|100%| S|CS|TAMS 0x0000000088500000, 0x0000000088500000| Complete 
| 134|0x0000000088600000, 0x0000000088700000, 0x0000000088700000|100%| S|CS|TAMS 0x0000000088600000, 0x0000000088600000| Complete 
| 135|0x0000000088700000, 0x0000000088800000, 0x0000000088800000|100%| S|CS|TAMS 0x0000000088700000, 0x0000000088700000| Complete 
| 136|0x0000000088800000, 0x0000000088900000, 0x0000000088900000|100%| S|CS|TAMS 0x0000000088800000, 0x0000000088800000| Complete 
| 137|0x0000000088900000, 0x0000000088a00000, 0x0000000088a00000|100%| S|CS|TAMS 0x0000000088900000, 0x0000000088900000| Complete 
| 138|0x0000000088a00000, 0x0000000088b00000, 0x0000000088b00000|100%| S|CS|TAMS 0x0000000088a00000, 0x0000000088a00000| Complete 
| 139|0x0000000088b00000, 0x0000000088c00000, 0x0000000088c00000|100%| S|CS|TAMS 0x0000000088b00000, 0x0000000088b00000| Complete 
| 140|0x0000000088c00000, 0x0000000088d00000, 0x0000000088d00000|100%| S|CS|TAMS 0x0000000088c00000, 0x0000000088c00000| Complete 
| 141|0x0000000088d00000, 0x0000000088e00000, 0x0000000088e00000|100%| S|CS|TAMS 0x0000000088d00000, 0x0000000088d00000| Complete 
| 142|0x0000000088e00000, 0x0000000088e00000, 0x0000000088f00000|  0%| F|  |TAMS 0x0000000088e00000, 0x0000000088e00000| Untracked 
| 143|0x0000000088f00000, 0x0000000088f00000, 0x0000000089000000|  0%| F|  |TAMS 0x0000000088f00000, 0x0000000088f00000| Untracked 
| 144|0x0000000089000000, 0x0000000089000000, 0x0000000089100000|  0%| F|  |TAMS 0x0000000089000000, 0x0000000089000000| Untracked 
| 145|0x0000000089100000, 0x0000000089100000, 0x0000000089200000|  0%| F|  |TAMS 0x0000000089100000, 0x0000000089100000| Untracked 
| 146|0x0000000089200000, 0x0000000089200000, 0x0000000089300000|  0%| F|  |TAMS 0x0000000089200000, 0x0000000089200000| Untracked 
| 147|0x0000000089300000, 0x0000000089300000, 0x0000000089400000|  0%| F|  |TAMS 0x0000000089300000, 0x0000000089300000| Untracked 
| 148|0x0000000089400000, 0x0000000089400000, 0x0000000089500000|  0%| F|  |TAMS 0x0000000089400000, 0x0000000089400000| Untracked 
| 149|0x0000000089500000, 0x0000000089500000, 0x0000000089600000|  0%| F|  |TAMS 0x0000000089500000, 0x0000000089500000| Untracked 
| 150|0x0000000089600000, 0x0000000089600000, 0x0000000089700000|  0%| F|  |TAMS 0x0000000089600000, 0x0000000089600000| Untracked 
| 151|0x0000000089700000, 0x0000000089700000, 0x0000000089800000|  0%| F|  |TAMS 0x0000000089700000, 0x0000000089700000| Untracked 
| 152|0x0000000089800000, 0x0000000089800000, 0x0000000089900000|  0%| F|  |TAMS 0x0000000089800000, 0x0000000089800000| Untracked 
| 153|0x0000000089900000, 0x0000000089900000, 0x0000000089a00000|  0%| F|  |TAMS 0x0000000089900000, 0x0000000089900000| Untracked 
| 154|0x0000000089a00000, 0x0000000089a00000, 0x0000000089b00000|  0%| F|  |TAMS 0x0000000089a00000, 0x0000000089a00000| Untracked 
| 155|0x0000000089b00000, 0x0000000089b00000, 0x0000000089c00000|  0%| F|  |TAMS 0x0000000089b00000, 0x0000000089b00000| Untracked 
| 156|0x0000000089c00000, 0x0000000089c00000, 0x0000000089d00000|  0%| F|  |TAMS 0x0000000089c00000, 0x0000000089c00000| Untracked 
| 157|0x0000000089d00000, 0x0000000089d00000, 0x0000000089e00000|  0%| F|  |TAMS 0x0000000089d00000, 0x0000000089d00000| Untracked 
| 158|0x0000000089e00000, 0x0000000089e00000, 0x0000000089f00000|  0%| F|  |TAMS 0x0000000089e00000, 0x0000000089e00000| Untracked 
| 159|0x0000000089f00000, 0x0000000089f00000, 0x000000008a000000|  0%| F|  |TAMS 0x0000000089f00000, 0x0000000089f00000| Untracked 
| 160|0x000000008a000000, 0x000000008a000000, 0x000000008a100000|  0%| F|  |TAMS 0x000000008a000000, 0x000000008a000000| Untracked 
| 161|0x000000008a100000, 0x000000008a100000, 0x000000008a200000|  0%| F|  |TAMS 0x000000008a100000, 0x000000008a100000| Untracked 
| 162|0x000000008a200000, 0x000000008a200000, 0x000000008a300000|  0%| F|  |TAMS 0x000000008a200000, 0x000000008a200000| Untracked 
| 163|0x000000008a300000, 0x000000008a300000, 0x000000008a400000|  0%| F|  |TAMS 0x000000008a300000, 0x000000008a300000| Untracked 
| 164|0x000000008a400000, 0x000000008a400000, 0x000000008a500000|  0%| F|  |TAMS 0x000000008a400000, 0x000000008a400000| Untracked 
| 165|0x000000008a500000, 0x000000008a500000, 0x000000008a600000|  0%| F|  |TAMS 0x000000008a500000, 0x000000008a500000| Untracked 
| 166|0x000000008a600000, 0x000000008a600000, 0x000000008a700000|  0%| F|  |TAMS 0x000000008a600000, 0x000000008a600000| Untracked 
| 167|0x000000008a700000, 0x000000008a700000, 0x000000008a800000|  0%| F|  |TAMS 0x000000008a700000, 0x000000008a700000| Untracked 
| 168|0x000000008a800000, 0x000000008a800000, 0x000000008a900000|  0%| F|  |TAMS 0x000000008a800000, 0x000000008a800000| Untracked 
| 169|0x000000008a900000, 0x000000008a900000, 0x000000008aa00000|  0%| F|  |TAMS 0x000000008a900000, 0x000000008a900000| Untracked 
| 170|0x000000008aa00000, 0x000000008aa00000, 0x000000008ab00000|  0%| F|  |TAMS 0x000000008aa00000, 0x000000008aa00000| Untracked 
| 171|0x000000008ab00000, 0x000000008ab00000, 0x000000008ac00000|  0%| F|  |TAMS 0x000000008ab00000, 0x000000008ab00000| Untracked 
| 172|0x000000008ac00000, 0x000000008ac00000, 0x000000008ad00000|  0%| F|  |TAMS 0x000000008ac00000, 0x000000008ac00000| Untracked 
| 173|0x000000008ad00000, 0x000000008ad00000, 0x000000008ae00000|  0%| F|  |TAMS 0x000000008ad00000, 0x000000008ad00000| Untracked 
| 174|0x000000008ae00000, 0x000000008ae00000, 0x000000008af00000|  0%| F|  |TAMS 0x000000008ae00000, 0x000000008ae00000| Untracked 
| 175|0x000000008af00000, 0x000000008af00000, 0x000000008b000000|  0%| F|  |TAMS 0x000000008af00000, 0x000000008af00000| Untracked 
| 176|0x000000008b000000, 0x000000008b000000, 0x000000008b100000|  0%| F|  |TAMS 0x000000008b000000, 0x000000008b000000| Untracked 
| 177|0x000000008b100000, 0x000000008b100000, 0x000000008b200000|  0%| F|  |TAMS 0x000000008b100000, 0x000000008b100000| Untracked 
| 178|0x000000008b200000, 0x000000008b200000, 0x000000008b300000|  0%| F|  |TAMS 0x000000008b200000, 0x000000008b200000| Untracked 
| 179|0x000000008b300000, 0x000000008b380800, 0x000000008b400000| 50%| E|  |TAMS 0x000000008b300000, 0x000000008b300000| Complete 
| 180|0x000000008b400000, 0x000000008b500000, 0x000000008b500000|100%| E|CS|TAMS 0x000000008b400000, 0x000000008b400000| Complete 
| 181|0x000000008b500000, 0x000000008b600000, 0x000000008b600000|100%| E|CS|TAMS 0x000000008b500000, 0x000000008b500000| Complete 
| 182|0x000000008b600000, 0x000000008b700000, 0x000000008b700000|100%| E|CS|TAMS 0x000000008b600000, 0x000000008b600000| Complete 
| 183|0x000000008b700000, 0x000000008b800000, 0x000000008b800000|100%| E|CS|TAMS 0x000000008b700000, 0x000000008b700000| Complete 
| 184|0x000000008b800000, 0x000000008b900000, 0x000000008b900000|100%| E|CS|TAMS 0x000000008b800000, 0x000000008b800000| Complete 
| 185|0x000000008b900000, 0x000000008ba00000, 0x000000008ba00000|100%| E|CS|TAMS 0x000000008b900000, 0x000000008b900000| Complete 
| 186|0x000000008ba00000, 0x000000008bb00000, 0x000000008bb00000|100%| E|CS|TAMS 0x000000008ba00000, 0x000000008ba00000| Complete 
| 187|0x000000008bb00000, 0x000000008bc00000, 0x000000008bc00000|100%| E|CS|TAMS 0x000000008bb00000, 0x000000008bb00000| Complete 
| 188|0x000000008bc00000, 0x000000008bd00000, 0x000000008bd00000|100%| E|CS|TAMS 0x000000008bc00000, 0x000000008bc00000| Complete 
| 189|0x000000008bd00000, 0x000000008be00000, 0x000000008be00000|100%| E|CS|TAMS 0x000000008bd00000, 0x000000008bd00000| Complete 
| 190|0x000000008be00000, 0x000000008bf00000, 0x000000008bf00000|100%| E|CS|TAMS 0x000000008be00000, 0x000000008be00000| Complete 
| 191|0x000000008bf00000, 0x000000008c000000, 0x000000008c000000|100%| E|CS|TAMS 0x000000008bf00000, 0x000000008bf00000| Complete 
| 192|0x000000008c000000, 0x000000008c100000, 0x000000008c100000|100%| E|CS|TAMS 0x000000008c000000, 0x000000008c000000| Complete 
| 193|0x000000008c100000, 0x000000008c200000, 0x000000008c200000|100%| E|CS|TAMS 0x000000008c100000, 0x000000008c100000| Complete 
| 194|0x000000008c200000, 0x000000008c300000, 0x000000008c300000|100%| E|CS|TAMS 0x000000008c200000, 0x000000008c200000| Complete 
| 195|0x000000008c300000, 0x000000008c400000, 0x000000008c400000|100%| E|CS|TAMS 0x000000008c300000, 0x000000008c300000| Complete 
| 196|0x000000008c400000, 0x000000008c500000, 0x000000008c500000|100%| E|CS|TAMS 0x000000008c400000, 0x000000008c400000| Complete 
| 197|0x000000008c500000, 0x000000008c600000, 0x000000008c600000|100%| E|CS|TAMS 0x000000008c500000, 0x000000008c500000| Complete 
| 198|0x000000008c600000, 0x000000008c700000, 0x000000008c700000|100%| E|  |TAMS 0x000000008c600000, 0x000000008c600000| Complete 
| 199|0x000000008c700000, 0x000000008c800000, 0x000000008c800000|100%| E|CS|TAMS 0x000000008c700000, 0x000000008c700000| Complete 
| 200|0x000000008c800000, 0x000000008c900000, 0x000000008c900000|100%| E|CS|TAMS 0x000000008c800000, 0x000000008c800000| Complete 
| 201|0x000000008c900000, 0x000000008ca00000, 0x000000008ca00000|100%| E|CS|TAMS 0x000000008c900000, 0x000000008c900000| Complete 
| 202|0x000000008ca00000, 0x000000008cb00000, 0x000000008cb00000|100%| E|CS|TAMS 0x000000008ca00000, 0x000000008ca00000| Complete 
| 203|0x000000008cb00000, 0x000000008cc00000, 0x000000008cc00000|100%| E|CS|TAMS 0x000000008cb00000, 0x000000008cb00000| Complete 
| 204|0x000000008cc00000, 0x000000008cd00000, 0x000000008cd00000|100%| E|CS|TAMS 0x000000008cc00000, 0x000000008cc00000| Complete 
| 205|0x000000008cd00000, 0x000000008ce00000, 0x000000008ce00000|100%| E|CS|TAMS 0x000000008cd00000, 0x000000008cd00000| Complete 
| 206|0x000000008ce00000, 0x000000008cf00000, 0x000000008cf00000|100%| E|CS|TAMS 0x000000008ce00000, 0x000000008ce00000| Complete 
| 207|0x000000008cf00000, 0x000000008d000000, 0x000000008d000000|100%| E|CS|TAMS 0x000000008cf00000, 0x000000008cf00000| Complete 
| 208|0x000000008d000000, 0x000000008d100000, 0x000000008d100000|100%| E|CS|TAMS 0x000000008d000000, 0x000000008d000000| Complete 
| 209|0x000000008d100000, 0x000000008d200000, 0x000000008d200000|100%| E|CS|TAMS 0x000000008d100000, 0x000000008d100000| Complete 
| 210|0x000000008d200000, 0x000000008d300000, 0x000000008d300000|100%| E|CS|TAMS 0x000000008d200000, 0x000000008d200000| Complete 
| 211|0x000000008d300000, 0x000000008d400000, 0x000000008d400000|100%| E|CS|TAMS 0x000000008d300000, 0x000000008d300000| Complete 
| 212|0x000000008d400000, 0x000000008d500000, 0x000000008d500000|100%| E|CS|TAMS 0x000000008d400000, 0x000000008d400000| Complete 
| 213|0x000000008d500000, 0x000000008d600000, 0x000000008d600000|100%| E|CS|TAMS 0x000000008d500000, 0x000000008d500000| Complete 
| 214|0x000000008d600000, 0x000000008d700000, 0x000000008d700000|100%| E|CS|TAMS 0x000000008d600000, 0x000000008d600000| Complete 
| 215|0x000000008d700000, 0x000000008d800000, 0x000000008d800000|100%| E|CS|TAMS 0x000000008d700000, 0x000000008d700000| Complete 
| 216|0x000000008d800000, 0x000000008d900000, 0x000000008d900000|100%| E|CS|TAMS 0x000000008d800000, 0x000000008d800000| Complete 
| 217|0x000000008d900000, 0x000000008da00000, 0x000000008da00000|100%| E|CS|TAMS 0x000000008d900000, 0x000000008d900000| Complete 
| 218|0x000000008da00000, 0x000000008db00000, 0x000000008db00000|100%| E|CS|TAMS 0x000000008da00000, 0x000000008da00000| Complete 
| 219|0x000000008db00000, 0x000000008dc00000, 0x000000008dc00000|100%| E|CS|TAMS 0x000000008db00000, 0x000000008db00000| Complete 
| 220|0x000000008dc00000, 0x000000008dd00000, 0x000000008dd00000|100%| E|CS|TAMS 0x000000008dc00000, 0x000000008dc00000| Complete 
| 221|0x000000008dd00000, 0x000000008de00000, 0x000000008de00000|100%| E|CS|TAMS 0x000000008dd00000, 0x000000008dd00000| Complete 
| 222|0x000000008de00000, 0x000000008df00000, 0x000000008df00000|100%| E|CS|TAMS 0x000000008de00000, 0x000000008de00000| Complete 
| 223|0x000000008df00000, 0x000000008e000000, 0x000000008e000000|100%| E|CS|TAMS 0x000000008df00000, 0x000000008df00000| Complete 
| 224|0x000000008e000000, 0x000000008e100000, 0x000000008e100000|100%| E|CS|TAMS 0x000000008e000000, 0x000000008e000000| Complete 
| 225|0x000000008e100000, 0x000000008e200000, 0x000000008e200000|100%| E|CS|TAMS 0x000000008e100000, 0x000000008e100000| Complete 
| 226|0x000000008e200000, 0x000000008e300000, 0x000000008e300000|100%| E|CS|TAMS 0x000000008e200000, 0x000000008e200000| Complete 
| 227|0x000000008e300000, 0x000000008e400000, 0x000000008e400000|100%| E|CS|TAMS 0x000000008e300000, 0x000000008e300000| Complete 
| 228|0x000000008e400000, 0x000000008e500000, 0x000000008e500000|100%| E|CS|TAMS 0x000000008e400000, 0x000000008e400000| Complete 
| 229|0x000000008e500000, 0x000000008e600000, 0x000000008e600000|100%| E|CS|TAMS 0x000000008e500000, 0x000000008e500000| Complete 
| 230|0x000000008e600000, 0x000000008e700000, 0x000000008e700000|100%| E|CS|TAMS 0x000000008e600000, 0x000000008e600000| Complete 
| 231|0x000000008e700000, 0x000000008e800000, 0x000000008e800000|100%| E|CS|TAMS 0x000000008e700000, 0x000000008e700000| Complete 
| 232|0x000000008e800000, 0x000000008e900000, 0x000000008e900000|100%| E|CS|TAMS 0x000000008e800000, 0x000000008e800000| Complete 
| 233|0x000000008e900000, 0x000000008ea00000, 0x000000008ea00000|100%| E|CS|TAMS 0x000000008e900000, 0x000000008e900000| Complete 
| 234|0x000000008ea00000, 0x000000008eb00000, 0x000000008eb00000|100%| E|CS|TAMS 0x000000008ea00000, 0x000000008ea00000| Complete 
| 235|0x000000008eb00000, 0x000000008ec00000, 0x000000008ec00000|100%| E|CS|TAMS 0x000000008eb00000, 0x000000008eb00000| Complete 
| 236|0x000000008ec00000, 0x000000008ed00000, 0x000000008ed00000|100%| E|CS|TAMS 0x000000008ec00000, 0x000000008ec00000| Complete 
| 237|0x000000008ed00000, 0x000000008ee00000, 0x000000008ee00000|100%| E|CS|TAMS 0x000000008ed00000, 0x000000008ed00000| Complete 
| 238|0x000000008ee00000, 0x000000008ef00000, 0x000000008ef00000|100%| E|CS|TAMS 0x000000008ee00000, 0x000000008ee00000| Complete 
| 239|0x000000008ef00000, 0x000000008f000000, 0x000000008f000000|100%| E|CS|TAMS 0x000000008ef00000, 0x000000008ef00000| Complete 
| 240|0x000000008f000000, 0x000000008f100000, 0x000000008f100000|100%| E|CS|TAMS 0x000000008f000000, 0x000000008f000000| Complete 
| 241|0x000000008f100000, 0x000000008f200000, 0x000000008f200000|100%| E|CS|TAMS 0x000000008f100000, 0x000000008f100000| Complete 
| 242|0x000000008f200000, 0x000000008f300000, 0x000000008f300000|100%| E|CS|TAMS 0x000000008f200000, 0x000000008f200000| Complete 
| 243|0x000000008f300000, 0x000000008f400000, 0x000000008f400000|100%| E|CS|TAMS 0x000000008f300000, 0x000000008f300000| Complete 
| 244|0x000000008f400000, 0x000000008f500000, 0x000000008f500000|100%| E|CS|TAMS 0x000000008f400000, 0x000000008f400000| Complete 
| 245|0x000000008f500000, 0x000000008f600000, 0x000000008f600000|100%| E|CS|TAMS 0x000000008f500000, 0x000000008f500000| Complete 
| 246|0x000000008f600000, 0x000000008f700000, 0x000000008f700000|100%| E|CS|TAMS 0x000000008f600000, 0x000000008f600000| Complete 
| 247|0x000000008f700000, 0x000000008f800000, 0x000000008f800000|100%| E|CS|TAMS 0x000000008f700000, 0x000000008f700000| Complete 
| 248|0x000000008f800000, 0x000000008f900000, 0x000000008f900000|100%| E|CS|TAMS 0x000000008f800000, 0x000000008f800000| Complete 
| 249|0x000000008f900000, 0x000000008fa00000, 0x000000008fa00000|100%| E|CS|TAMS 0x000000008f900000, 0x000000008f900000| Complete 
| 250|0x000000008fa00000, 0x000000008fb00000, 0x000000008fb00000|100%| E|CS|TAMS 0x000000008fa00000, 0x000000008fa00000| Complete 
| 251|0x000000008fb00000, 0x000000008fc00000, 0x000000008fc00000|100%| E|CS|TAMS 0x000000008fb00000, 0x000000008fb00000| Complete 
| 252|0x000000008fc00000, 0x000000008fd00000, 0x000000008fd00000|100%| E|CS|TAMS 0x000000008fc00000, 0x000000008fc00000| Complete 
| 253|0x000000008fd00000, 0x000000008fe00000, 0x000000008fe00000|100%| E|CS|TAMS 0x000000008fd00000, 0x000000008fd00000| Complete 

Card table byte_map: [0x0000022c7f2c0000,0x0000022c7f6c0000] _byte_map_base: 0x0000022c7eec0000

Marking Bits (Prev, Next): (CMBitMap*) 0x0000022c7d00ce38, (CMBitMap*) 0x0000022c7d00ce70
 Prev Bits: [0x0000022c12a20000, 0x0000022c14a20000)
 Next Bits: [0x0000022c14a20000, 0x0000022c16a20000)

Polling page: 0x0000022c7d0b0000

Metaspace:

Usage:
  Non-class:     73.59 MB capacity,    72.33 MB ( 98%) used,     1.02 MB (  1%) free+waste,   248.63 KB ( <1%) overhead. 
      Class:     11.46 MB capacity,    10.68 MB ( 93%) used,   686.72 KB (  6%) free+waste,   111.75 KB ( <1%) overhead. 
       Both:     85.06 MB capacity,    83.02 MB ( 98%) used,     1.69 MB (  2%) free+waste,   360.38 KB ( <1%) overhead. 

Virtual space:
  Non-class space:       76.00 MB reserved,      73.75 MB ( 97%) committed 
      Class space:        1.00 GB reserved,      11.57 MB (  1%) committed 
             Both:        1.07 GB reserved,      85.32 MB (  8%) committed 

Chunk freelists:
   Non-Class:  32.00 KB
       Class:  7.00 KB
        Both:  39.00 KB

MaxMetaspaceSize: 17179869184.00 GB
CompressedClassSpaceSize: 1.00 GB

CodeHeap 'non-profiled nmethods': size=120064Kb used=6424Kb max_used=6424Kb free=113639Kb
 bounds [0x0000022c0b4e0000, 0x0000022c0bb30000, 0x0000022c12a20000]
CodeHeap 'profiled nmethods': size=120000Kb used=22805Kb max_used=22805Kb free=97194Kb
 bounds [0x0000022c03fb0000, 0x0000022c05600000, 0x0000022c0b4e0000]
CodeHeap 'non-nmethods': size=5696Kb used=2293Kb max_used=2345Kb free=3403Kb
 bounds [0x0000022c03a20000, 0x0000022c03c90000, 0x0000022c03fb0000]
 total_blobs=11270 nmethods=10389 adapters=792
 compilation: enabled
              stopped_count=0, restarted_count=0
 full_count=0

Compilation events (20 events):
Event: 22.200 Thread 0x0000022c194ab000 10396       3       sun.security.provider.DigestBase::engineUpdate (32 bytes)
Event: 22.201 Thread 0x0000022c194ab000 nmethod 10396 0x0000022c055e5510 code [0x0000022c055e56e0, 0x0000022c055e5988]
Event: 22.201 Thread 0x0000022c194ab000 10397       3       org.gradle.api.internal.changedetection.state.LineEndingNormalizingInputStreamHasher::isControlCharacter (20 bytes)
Event: 22.201 Thread 0x0000022c194ab000 nmethod 10397 0x0000022c055e5a90 code [0x0000022c055e5c80, 0x0000022c055e60f8]
Event: 22.201 Thread 0x0000022c194ab000 10398       3       org.gradle.api.internal.changedetection.state.LineEndingNormalizingInputStreamHasher::isInControlRange (16 bytes)
Event: 22.201 Thread 0x0000022c194ab000 nmethod 10398 0x0000022c055e6290 code [0x0000022c055e6440, 0x0000022c055e65b8]
Event: 22.201 Thread 0x0000022c194ab000 10395       3       org.gradle.internal.hash.Hashing$MessageDigestHasher::putByte (9 bytes)
Event: 22.201 Thread 0x0000022c194ab000 nmethod 10395 0x0000022c055e6690 code [0x0000022c055e6880, 0x0000022c055e6c98]
Event: 22.203 Thread 0x0000022c1b518800 nmethod 10376 0x0000022c0bb20890 code [0x0000022c0bb20aa0, 0x0000022c0bb216f8]
Event: 22.203 Thread 0x0000022c1b518800 10399       4       org.gradle.internal.hash.Hashing$MessageDigestHasher::getDigest (22 bytes)
Event: 22.204 Thread 0x0000022c1b518800 nmethod 10399 0x0000022c0bb21c10 code [0x0000022c0bb21da0, 0x0000022c0bb21e18]
Event: 22.204 Thread 0x0000022c1b518800 10385       4       java.lang.reflect.Array::newInstance (6 bytes)
Event: 22.205 Thread 0x0000022c1b518800 nmethod 10385 0x0000022c0bb21e90 code [0x0000022c0bb22020, 0x0000022c0bb22178]
Event: 22.205 Thread 0x0000022c1b518800 10384       4       com.esotericsoftware.kryo.io.Input::<init> (25 bytes)
Event: 22.208 Thread 0x0000022c1b518800 nmethod 10384 0x0000022c0bb22290 code [0x0000022c0bb22440, 0x0000022c0bb22798]
Event: 22.208 Thread 0x0000022c1b518800 10392       4       org.gradle.internal.fingerprint.impl.DefaultFileSystemLocationFingerprint::<init> (19 bytes)
Event: 22.211 Thread 0x0000022c1b518800 nmethod 10392 0x0000022c0bb22890 code [0x0000022c0bb22a20, 0x0000022c0bb22cb8]
Event: 22.214 Thread 0x0000022c1b518800 10400       4       java.io.DataOutputStream::writeLong (118 bytes)
Event: 22.216 Thread 0x0000022c1b518800 nmethod 10400 0x0000022c0bb22e10 code [0x0000022c0bb22fa0, 0x0000022c0bb230f8]
Event: 22.216 Thread 0x0000022c1b518800 10401       4       java.security.MessageDigest$Delegate::engineUpdate (9 bytes)

GC Heap History (20 events):
Event: 3.232 GC heap before
{Heap before GC invocations=3 (full 0):
 garbage-first heap   total 260096K, used 58320K [0x0000000080000000, 0x0000000100000000)
  region size 1024K, 49 young (50176K), 4 survivors (4096K)
 Metaspace       used 18082K, capacity 18453K, committed 18688K, reserved 1064960K
  class space    used 2160K, capacity 2285K, committed 2304K, reserved 1048576K
}
Event: 3.237 GC heap after
{Heap after GC invocations=4 (full 0):
 garbage-first heap   total 260096K, used 16103K [0x0000000080000000, 0x0000000100000000)
  region size 1024K, 7 young (7168K), 7 survivors (7168K)
 Metaspace       used 18082K, capacity 18453K, committed 18688K, reserved 1064960K
  class space    used 2160K, capacity 2285K, committed 2304K, reserved 1048576K
}
Event: 3.559 GC heap before
{Heap before GC invocations=4 (full 0):
 garbage-first heap   total 260096K, used 37607K [0x0000000080000000, 0x0000000100000000)
  region size 1024K, 29 young (29696K), 7 survivors (7168K)
 Metaspace       used 20681K, capacity 21083K, committed 21248K, reserved 1067008K
  class space    used 2540K, capacity 2693K, committed 2816K, reserved 1048576K
}
Event: 3.564 GC heap after
{Heap after GC invocations=5 (full 0):
 garbage-first heap   total 260096K, used 17015K [0x0000000080000000, 0x0000000100000000)
  region size 1024K, 8 young (8192K), 8 survivors (8192K)
 Metaspace       used 20681K, capacity 21083K, committed 21248K, reserved 1067008K
  class space    used 2540K, capacity 2693K, committed 2816K, reserved 1048576K
}
Event: 4.627 GC heap before
{Heap before GC invocations=6 (full 0):
 garbage-first heap   total 260096K, used 75383K [0x0000000080000000, 0x0000000100000000)
  region size 1024K, 65 young (66560K), 8 survivors (8192K)
 Metaspace       used 26457K, capacity 26974K, committed 27008K, reserved 1073152K
  class space    used 3477K, capacity 3685K, committed 3712K, reserved 1048576K
}
Event: 4.635 GC heap after
{Heap after GC invocations=7 (full 0):
 garbage-first heap   total 260096K, used 19335K [0x0000000080000000, 0x0000000100000000)
  region size 1024K, 4 young (4096K), 4 survivors (4096K)
 Metaspace       used 26457K, capacity 26974K, committed 27008K, reserved 1073152K
  class space    used 3477K, capacity 3685K, committed 3712K, reserved 1048576K
}
Event: 6.410 GC heap before
{Heap before GC invocations=7 (full 0):
 garbage-first heap   total 260096K, used 71559K [0x0000000080000000, 0x0000000100000000)
  region size 1024K, 56 young (57344K), 4 survivors (4096K)
 Metaspace       used 35017K, capacity 35794K, committed 35840K, reserved 1081344K
  class space    used 4555K, capacity 4863K, committed 4864K, reserved 1048576K
}
Event: 6.425 GC heap after
{Heap after GC invocations=8 (full 0):
 garbage-first heap   total 260096K, used 22630K [0x0000000080000000, 0x0000000100000000)
  region size 1024K, 7 young (7168K), 7 survivors (7168K)
 Metaspace       used 35017K, capacity 35794K, committed 35840K, reserved 1081344K
  class space    used 4555K, capacity 4863K, committed 4864K, reserved 1048576K
}
Event: 9.192 GC heap before
{Heap before GC invocations=9 (full 0):
 garbage-first heap   total 260096K, used 125030K [0x0000000080000000, 0x0000000100000000)
  region size 1024K, 104 young (106496K), 7 survivors (7168K)
 Metaspace       used 43694K, capacity 44724K, committed 44876K, reserved 1087488K
  class space    used 5579K, capacity 5947K, committed 5964K, reserved 1048576K
}
Event: 9.209 GC heap after
{Heap after GC invocations=10 (full 0):
 garbage-first heap   total 260096K, used 28726K [0x0000000080000000, 0x0000000100000000)
  region size 1024K, 13 young (13312K), 13 survivors (13312K)
 Metaspace       used 43694K, capacity 44724K, committed 44876K, reserved 1087488K
  class space    used 5579K, capacity 5947K, committed 5964K, reserved 1048576K
}
Event: 12.571 GC heap before
{Heap before GC invocations=10 (full 0):
 garbage-first heap   total 260096K, used 170038K [0x0000000080000000, 0x0000000100000000)
  region size 1024K, 146 young (149504K), 13 survivors (13312K)
 Metaspace       used 54163K, capacity 55410K, committed 55628K, reserved 1097728K
  class space    used 6908K, capacity 7381K, committed 7500K, reserved 1048576K
}
Event: 12.596 GC heap after
{Heap after GC invocations=11 (full 0):
 garbage-first heap   total 260096K, used 44427K [0x0000000080000000, 0x0000000100000000)
  region size 1024K, 19 young (19456K), 19 survivors (19456K)
 Metaspace       used 54163K, capacity 55410K, committed 55628K, reserved 1097728K
  class space    used 6908K, capacity 7381K, committed 7500K, reserved 1048576K
}
Event: 13.361 GC heap before
{Heap before GC invocations=11 (full 0):
 garbage-first heap   total 260096K, used 74123K [0x0000000080000000, 0x0000000100000000)
  region size 1024K, 49 young (50176K), 19 survivors (19456K)
 Metaspace       used 58758K, capacity 60164K, committed 60288K, reserved 1101824K
  class space    used 7418K, capacity 7938K, committed 8012K, reserved 1048576K
}
Event: 13.383 GC heap after
{Heap after GC invocations=12 (full 0):
 garbage-first heap   total 260096K, used 46649K [0x0000000080000000, 0x0000000100000000)
  region size 1024K, 2 young (2048K), 2 survivors (2048K)
 Metaspace       used 58758K, capacity 60164K, committed 60288K, reserved 1101824K
  class space    used 7418K, capacity 7938K, committed 8012K, reserved 1048576K
}
Event: 15.514 GC heap before
{Heap before GC invocations=13 (full 0):
 garbage-first heap   total 260096K, used 157241K [0x0000000080000000, 0x0000000100000000)
  region size 1024K, 110 young (112640K), 2 survivors (2048K)
 Metaspace       used 66963K, capacity 68537K, committed 68684K, reserved 1110016K
  class space    used 8448K, capacity 9010K, committed 9036K, reserved 1048576K
}
Event: 15.535 GC heap after
{Heap after GC invocations=14 (full 0):
 garbage-first heap   total 260096K, used 54764K [0x0000000080000000, 0x0000000100000000)
  region size 1024K, 10 young (10240K), 10 survivors (10240K)
 Metaspace       used 66963K, capacity 68537K, committed 68684K, reserved 1110016K
  class space    used 8448K, capacity 9010K, committed 9036K, reserved 1048576K
}
Event: 17.901 GC heap before
{Heap before GC invocations=15 (full 0):
 garbage-first heap   total 260096K, used 168428K [0x0000000080000000, 0x0000000100000000)
  region size 1024K, 121 young (123904K), 10 survivors (10240K)
 Metaspace       used 79154K, capacity 80946K, committed 81100K, reserved 1120256K
  class space    used 10266K, capacity 10932K, committed 10956K, reserved 1048576K
}
Event: 17.919 GC heap after
{Heap after GC invocations=16 (full 0):
 garbage-first heap   total 260096K, used 62607K [0x0000000080000000, 0x0000000100000000)
  region size 1024K, 8 young (8192K), 8 survivors (8192K)
 Metaspace       used 79154K, capacity 80946K, committed 81100K, reserved 1120256K
  class space    used 10266K, capacity 10932K, committed 10956K, reserved 1048576K
}
Event: 20.574 GC heap before
{Heap before GC invocations=16 (full 0):
 garbage-first heap   total 260096K, used 176271K [0x0000000080000000, 0x0000000100000000)
  region size 1024K, 120 young (122880K), 8 survivors (8192K)
 Metaspace       used 84096K, capacity 86185K, committed 86476K, reserved 1124352K
  class space    used 10820K, capacity 11606K, committed 11724K, reserved 1048576K
}
Event: 20.592 GC heap after
{Heap after GC invocations=17 (full 0):
 garbage-first heap   total 260096K, used 72081K [0x0000000080000000, 0x0000000100000000)
  region size 1024K, 15 young (15360K), 15 survivors (15360K)
 Metaspace       used 84096K, capacity 86185K, committed 86476K, reserved 1124352K
  class space    used 10820K, capacity 11606K, committed 11724K, reserved 1048576K
}

Deoptimization events (20 events):
Event: 21.673 Thread 0x0000022c1a0dc800 DEOPT PACKING pc=0x0000022c052d0e31 sp=0x0000002fadbfb700
Event: 21.674 Thread 0x0000022c1a0dc800 DEOPT UNPACKING pc=0x0000022c03a47c0e sp=0x0000002fadbfabc8 mode 0
Event: 21.762 Thread 0x0000022c1bf91000 Uncommon trap: trap_request=0xffffff4d fr.pc=0x0000022c0ba6b918 relative=0x00000000000026f8
Event: 21.762 Thread 0x0000022c1bf91000 Uncommon trap: reason=unstable_if action=reinterpret pc=0x0000022c0ba6b918 method=java.nio.file.FileTreeWalker.getAttributes(Ljava/nio/file/Path;Z)Ljava/nio/file/attribute/BasicFileAttributes; @ 35 c2
Event: 21.762 Thread 0x0000022c1bf91000 DEOPT PACKING pc=0x0000022c0ba6b918 sp=0x0000002fabcf94c0
Event: 21.762 Thread 0x0000022c1bf91000 DEOPT UNPACKING pc=0x0000022c03a283af sp=0x0000002fabcf93c0 mode 2
Event: 21.788 Thread 0x0000022c1bf91000 DEOPT PACKING pc=0x0000022c05586d55 sp=0x0000002fabcf7390
Event: 21.788 Thread 0x0000022c1bf91000 DEOPT UNPACKING pc=0x0000022c03a47c0e sp=0x0000002fabcf68b0 mode 0
Event: 22.189 Thread 0x0000022c1bf91000 DEOPT PACKING pc=0x0000022c0bb0a448 sp=0x0000002fabcf59e0
Event: 22.189 Thread 0x0000022c1bf91000 DEOPT UNPACKING pc=0x0000022c03a47c0e sp=0x0000002fabcf4e18 mode 0
Event: 22.189 Thread 0x0000022c1bf91000 DEOPT PACKING pc=0x0000022c0bb09d94 sp=0x0000002fabcf5bb0
Event: 22.189 Thread 0x0000022c1bf91000 DEOPT UNPACKING pc=0x0000022c03a47c0e sp=0x0000002fabcf4e08 mode 0
Event: 22.189 Thread 0x0000022c1bf91000 DEOPT PACKING pc=0x0000022c0bb09d94 sp=0x0000002fabcf5d80
Event: 22.189 Thread 0x0000022c1bf91000 DEOPT UNPACKING pc=0x0000022c03a47c0e sp=0x0000002fabcf4fd8 mode 0
Event: 22.189 Thread 0x0000022c1bf91000 DEOPT PACKING pc=0x0000022c0bb09a58 sp=0x0000002fabcf5f50
Event: 22.189 Thread 0x0000022c1bf91000 DEOPT UNPACKING pc=0x0000022c03a47c0e sp=0x0000002fabcf51a8 mode 0
Event: 22.201 Thread 0x0000022c1bf91000 Uncommon trap: trap_request=0xffffff4d fr.pc=0x0000022c0baf6240 relative=0x00000000000000a0
Event: 22.201 Thread 0x0000022c1bf91000 Uncommon trap: reason=unstable_if action=reinterpret pc=0x0000022c0baf6240 method=java.io.BufferedInputStream.fill()V @ 222 c2
Event: 22.201 Thread 0x0000022c1bf91000 DEOPT PACKING pc=0x0000022c0baf6240 sp=0x0000002fabcf7dd0
Event: 22.201 Thread 0x0000022c1bf91000 DEOPT UNPACKING pc=0x0000022c03a283af sp=0x0000002fabcf7d50 mode 2

Classes redefined (0 events):
No events

Internal exceptions (20 events):
Event: 18.417 Thread 0x0000022c1a584800 Exception <a 'java/lang/NoSuchMethodError'{0x000000008e4c17e8}: <clinit>> (0x000000008e4c17e8) thrown at [./src/hotspot/share/prims/jni.cpp, line 1362]
Event: 18.421 Thread 0x0000022c1a584800 Exception <a 'java/lang/NoSuchMethodError'{0x000000008e4e3a70}: <clinit>> (0x000000008e4e3a70) thrown at [./src/hotspot/share/prims/jni.cpp, line 1362]
Event: 18.437 Thread 0x0000022c1bf91000 Exception <a 'java/lang/IncompatibleClassChangeError'{0x000000008e3db4b0}: Found class java.lang.Object, but interface was expected> (0x000000008e3db4b0) thrown at [./src/hotspot/share/interpreter/linkResolver.cpp, line 839]
Event: 18.461 Thread 0x0000022c1c32d800 Exception <a 'java/lang/NoSuchMethodError'{0x000000008e108030}: <clinit>> (0x000000008e108030) thrown at [./src/hotspot/share/prims/jni.cpp, line 1362]
Event: 18.462 Thread 0x0000022c1bf91000 Exception <a 'java/lang/NoSuchMethodError'{0x000000008e2e6a20}: 'java.lang.Object java.lang.invoke.DirectMethodHandle$Holder.invokeInterface(java.lang.Object, java.lang.Object, int)'> (0x000000008e2e6a20) thrown at [./src/hotspot/share/interpreter/linkResolver.cpp, line 773]
Event: 18.464 Thread 0x0000022c1bf91000 Exception <a 'java/lang/NoSuchMethodError'{0x000000008e2fbc78}: 'void java.lang.invoke.DirectMethodHandle$Holder.invokeStatic(java.lang.Object, java.lang.Object, java.lang.Object, int)'> (0x000000008e2fbc78) thrown at [./src/hotspot/share/interpreter/linkResolver.cpp, line 773]
Event: 18.511 Thread 0x0000022c1bf91000 Exception <a 'java/lang/IncompatibleClassChangeError'{0x000000008e0cbc28}: Found class java.lang.Object, but interface was expected> (0x000000008e0cbc28) thrown at [./src/hotspot/share/interpreter/linkResolver.cpp, line 839]
Event: 18.517 Thread 0x0000022c1bf91000 Exception <a 'java/lang/IncompatibleClassChangeError'{0x000000008e0f30c0}: Found class java.lang.Object, but interface was expected> (0x000000008e0f30c0) thrown at [./src/hotspot/share/interpreter/linkResolver.cpp, line 839]
Event: 19.029 Thread 0x0000022c1bf91000 Exception <a 'java/lang/NoSuchMethodError'{0x000000008d5e1050}: 'void java.lang.invoke.DirectMethodHandle$Holder.invokeStatic(java.lang.Object, java.lang.Object, java.lang.Object, java.lang.Object, int, java.lang.Object, java.lang.Object)'> (0x000000008d5e1050) thrown at [./src/hotspot/share/interpreter/linkResolver.cpp, line 773]
Event: 19.088 Thread 0x0000022c1a57d800 Exception <a 'java/lang/NoSuchMethodError'{0x000000008ce4a300}: 'java.lang.Object java.lang.invoke.DirectMethodHandle$Holder.invokeSpecialIFC(java.lang.Object, java.lang.Object, java.lang.Object)'> (0x000000008ce4a300) thrown at [./src/hotspot/share/interpreter/linkResolver.cpp, line 773]
Event: 19.088 Thread 0x0000022c1bf91000 Exception <a 'java/lang/NoSuchMethodError'{0x000000008d2abe30}: 'java.lang.Object java.lang.invoke.DirectMethodHandle$Holder.invokeSpecialIFC(java.lang.Object, java.lang.Object, java.lang.Object)'> (0x000000008d2abe30) thrown at [./src/hotspot/share/interpreter/linkResolver.cpp, line 773]
Event: 19.297 Thread 0x0000022c1a57d800 Exception <a 'java/lang/NoSuchMethodError'{0x000000008ccfe840}: 'int java.lang.invoke.DirectMethodHandle$Holder.invokeStaticInit(java.lang.Object, java.lang.Object, java.lang.Object, java.lang.Object, java.lang.Object)'> (0x000000008ccfe840) thrown at [./src/hotspot/share/interpreter/linkResolver.cpp, line 773]
Event: 20.593 Thread 0x0000022c1a0e3000 Implicit null exception at 0x0000022c0ba9a015 to 0x0000022c0ba9a840
Event: 20.600 Thread 0x0000022c1c03d000 Implicit null exception at 0x0000022c0ba9b928 to 0x0000022c0ba9c500
Event: 21.521 Thread 0x0000022c1bf91000 Exception <a 'java/lang/NoSuchMethodError'{0x000000008d6c5468}: <clinit>> (0x000000008d6c5468) thrown at [./src/hotspot/share/prims/jni.cpp, line 1362]
Event: 21.521 Thread 0x0000022c1bf91000 Exception <a 'java/lang/NoSuchMethodError'{0x000000008d6c7510}: <clinit>> (0x000000008d6c7510) thrown at [./src/hotspot/share/prims/jni.cpp, line 1362]
Event: 21.521 Thread 0x0000022c1bf91000 Exception <a 'java/lang/NoSuchMethodError'{0x000000008d6ca150}: <clinit>> (0x000000008d6ca150) thrown at [./src/hotspot/share/prims/jni.cpp, line 1362]
Event: 21.524 Thread 0x0000022c1bf91000 Exception <a 'java/lang/NoSuchMethodError'{0x000000008d6f07e8}: <clinit>> (0x000000008d6f07e8) thrown at [./src/hotspot/share/prims/jni.cpp, line 1362]
Event: 21.524 Thread 0x0000022c1bf91000 Exception <a 'java/lang/NoSuchMethodError'{0x000000008d6f24c0}: <clinit>> (0x000000008d6f24c0) thrown at [./src/hotspot/share/prims/jni.cpp, line 1362]
Event: 22.189 Thread 0x0000022c1bf91000 Exception <a 'java/lang/NoSuchMethodError'{0x000000008b644e38}: 'int java.lang.invoke.DirectMethodHandle$Holder.invokeSpecial(java.lang.Object, java.lang.Object, java.lang.Object, java.lang.Object, java.lang.Object)'> (0x000000008b644e38) thrown at [./src/hotspot/share/interpreter/linkResolver.cpp, line 773]

Events (20 events):
Event: 22.212 loading class org/gradle/internal/snapshot/AbstractInvalidateChildHandler
Event: 22.212 loading class org/gradle/internal/snapshot/AbstractInvalidateChildHandler done
Event: 22.212 loading class org/gradle/internal/snapshot/ChildMap
Event: 22.212 loading class org/gradle/internal/snapshot/ChildMap done
Event: 22.212 loading class org/gradle/internal/snapshot/ChildMap
Event: 22.212 loading class org/gradle/internal/snapshot/ChildMap done
Event: 22.212 loading class org/gradle/internal/snapshot/AbstractInvalidateChildHandler
Event: 22.212 loading class org/gradle/internal/snapshot/AbstractInvalidateChildHandler done
Event: 22.212 loading class org/gradle/internal/snapshot/FileSystemNode
Event: 22.212 loading class org/gradle/internal/snapshot/FileSystemNode done
Event: 22.212 loading class org/gradle/internal/snapshot/FileSystemNode
Event: 22.212 loading class org/gradle/internal/snapshot/FileSystemNode done
Event: 22.212 loading class org/gradle/internal/vfs/impl/DefaultSnapshotHierarchy
Event: 22.212 loading class org/gradle/internal/vfs/impl/DefaultSnapshotHierarchy done
Event: 22.212 loading class org/gradle/internal/snapshot/SnapshotHierarchy
Event: 22.212 loading class org/gradle/internal/snapshot/SnapshotHierarchy done
Event: 22.212 loading class org/gradle/internal/snapshot/SnapshotHierarchy
Event: 22.212 loading class org/gradle/internal/snapshot/SnapshotHierarchy done
Event: 22.212 loading class org/gradle/internal/vfs/impl/DefaultSnapshotHierarchy
Event: 22.212 loading class org/gradle/internal/vfs/impl/DefaultSnapshotHierarchy done


Dynamic libraries:
0x00007ff61f420000 - 0x00007ff61f42a000 	C:\Program Files\Android\Android Studio\jre\bin\java.exe
0x00007ff9a0510000 - 0x00007ff9a0705000 	C:\Windows\SYSTEM32\ntdll.dll
0x00007ff99fd10000 - 0x00007ff99fdce000 	C:\Windows\System32\KERNEL32.DLL
0x00007ff99df60000 - 0x00007ff99e228000 	C:\Windows\System32\KERNELBASE.dll
0x00007ff99dc30000 - 0x00007ff99dd30000 	C:\Windows\System32\ucrtbase.dll
0x00007ff997700000 - 0x00007ff997717000 	C:\Program Files\Android\Android Studio\jre\bin\VCRUNTIME140.dll
0x00007ff980f50000 - 0x00007ff980f69000 	C:\Program Files\Android\Android Studio\jre\bin\jli.dll
0x00007ff99fa30000 - 0x00007ff99fbd0000 	C:\Windows\System32\USER32.dll
0x00007ff98b390000 - 0x00007ff98b62a000 	C:\Windows\WinSxS\amd64_microsoft.windows.common-controls_6595b64144ccf1df_6.0.19041.1110_none_60b5254171f9507e\COMCTL32.dll
0x00007ff99de90000 - 0x00007ff99deb2000 	C:\Windows\System32\win32u.dll
0x00007ff99fc70000 - 0x00007ff99fd0e000 	C:\Windows\System32\msvcrt.dll
0x00007ff9a00e0000 - 0x00007ff9a010a000 	C:\Windows\System32\GDI32.dll
0x00007ff99e460000 - 0x00007ff99e56b000 	C:\Windows\System32\gdi32full.dll
0x00007ff99dec0000 - 0x00007ff99df5d000 	C:\Windows\System32\msvcp_win.dll
0x00007ff9a00b0000 - 0x00007ff9a00e0000 	C:\Windows\System32\IMM32.DLL
0x00007ff974c80000 - 0x00007ff974d1d000 	C:\Program Files\Android\Android Studio\jre\bin\msvcp140.dll
0x00007ff94f950000 - 0x00007ff950425000 	C:\Program Files\Android\Android Studio\jre\bin\server\jvm.dll
0x00007ff99fdd0000 - 0x00007ff99fe7e000 	C:\Windows\System32\ADVAPI32.dll
0x00007ff99fbd0000 - 0x00007ff99fc6c000 	C:\Windows\System32\sechost.dll
0x00007ff9a01f0000 - 0x00007ff9a0315000 	C:\Windows\System32\RPCRT4.dll
0x00007ff9a0110000 - 0x00007ff9a0118000 	C:\Windows\System32\PSAPI.DLL
0x00007ff980f20000 - 0x00007ff980f47000 	C:\Windows\SYSTEM32\WINMM.dll
0x00007ff981930000 - 0x00007ff981939000 	C:\Windows\SYSTEM32\WSOCK32.dll
0x00007ff99f9c0000 - 0x00007ff99fa2b000 	C:\Windows\System32\WS2_32.dll
0x00007ff9968f0000 - 0x00007ff9968fa000 	C:\Windows\SYSTEM32\VERSION.dll
0x00007ff99c4e0000 - 0x00007ff99c4f2000 	C:\Windows\SYSTEM32\kernel.appcore.dll
0x00007ff9976e0000 - 0x00007ff9976f1000 	C:\Program Files\Android\Android Studio\jre\bin\verify.dll
0x00007ff99c1f0000 - 0x00007ff99c3d4000 	C:\Windows\SYSTEM32\DBGHELP.DLL
0x00007ff984010000 - 0x00007ff98403c000 	C:\Windows\SYSTEM32\dbgcore.DLL
0x00007ff99e380000 - 0x00007ff99e402000 	C:\Windows\System32\bcryptPrimitives.dll
0x00007ff988eb0000 - 0x00007ff988ed9000 	C:\Program Files\Android\Android Studio\jre\bin\java.dll
0x00007ff99abe0000 - 0x00007ff99abeb000 	C:\Program Files\Android\Android Studio\jre\bin\jimage.dll
0x00007ff983780000 - 0x00007ff983798000 	C:\Program Files\Android\Android Studio\jre\bin\zip.dll
0x00007ff99f0b0000 - 0x00007ff99f7f4000 	C:\Windows\System32\SHELL32.dll
0x00007ff99ba50000 - 0x00007ff99c1e4000 	C:\Windows\SYSTEM32\windows.storage.dll
0x00007ff99ed50000 - 0x00007ff99f0a4000 	C:\Windows\System32\combase.dll
0x00007ff99d5d0000 - 0x00007ff99d5fc000 	C:\Windows\SYSTEM32\Wldp.dll
0x00007ff99f860000 - 0x00007ff99f90d000 	C:\Windows\System32\SHCORE.dll
0x00007ff99e800000 - 0x00007ff99e855000 	C:\Windows\System32\shlwapi.dll
0x00007ff99db70000 - 0x00007ff99db8f000 	C:\Windows\SYSTEM32\profapi.dll
0x00007ff983760000 - 0x00007ff98377a000 	C:\Program Files\Android\Android Studio\jre\bin\net.dll
0x00007ff98b070000 - 0x00007ff98b17a000 	C:\Windows\SYSTEM32\WINHTTP.dll
0x00007ff99d330000 - 0x00007ff99d39a000 	C:\Windows\system32\mswsock.dll
0x00007ff983740000 - 0x00007ff983754000 	C:\Program Files\Android\Android Studio\jre\bin\nio.dll
0x00007ff979da0000 - 0x00007ff979dc7000 	C:\Users\bossp\.gradle\native\e1d6ef7f7dcc3fd88c89a11ec53ec762bb8ba0a96d01ffa2cd45eb1d1d8dd5c5\windows-amd64\native-platform.dll
0x00007ff962340000 - 0x00007ff962484000 	C:\Users\bossp\.gradle\native\5664cfc778a61ccfe75a443a1ab52a65af34e5dc3c78e0209fed803814484fcb\windows-amd64\native-platform-file-events.dll
0x00007ff999120000 - 0x00007ff99912a000 	C:\Program Files\Android\Android Studio\jre\bin\management.dll
0x00007ff993670000 - 0x00007ff99367d000 	C:\Program Files\Android\Android Studio\jre\bin\management_ext.dll
0x00007ff99d530000 - 0x00007ff99d548000 	C:\Windows\SYSTEM32\CRYPTSP.dll
0x00007ff99ccb0000 - 0x00007ff99cce4000 	C:\Windows\system32\rsaenh.dll
0x00007ff99e2e0000 - 0x00007ff99e307000 	C:\Windows\System32\bcrypt.dll
0x00007ff99daf0000 - 0x00007ff99db1e000 	C:\Windows\SYSTEM32\USERENV.dll
0x00007ff99d520000 - 0x00007ff99d52c000 	C:\Windows\SYSTEM32\CRYPTBASE.dll
0x00007ff99d020000 - 0x00007ff99d05b000 	C:\Windows\SYSTEM32\IPHLPAPI.DLL
0x00007ff99e650000 - 0x00007ff99e658000 	C:\Windows\System32\NSI.dll
0x00007ff98cba0000 - 0x00007ff98cbb7000 	C:\Windows\SYSTEM32\dhcpcsvc6.DLL
0x00007ff9913d0000 - 0x00007ff9913ed000 	C:\Windows\SYSTEM32\dhcpcsvc.DLL
0x00007ff99d060000 - 0x00007ff99d12b000 	C:\Windows\SYSTEM32\DNSAPI.dll

dbghelp: loaded successfully - version: 4.0.5 - missing functions: none
symbol engine: initialized successfully - sym options: 0x614 - pdb path: .;C:\Program Files\Android\Android Studio\jre\bin;C:\Windows\SYSTEM32;C:\Windows\WinSxS\amd64_microsoft.windows.common-controls_6595b64144ccf1df_6.0.19041.1110_none_60b5254171f9507e;C:\Program Files\Android\Android Studio\jre\bin\server;C:\Users\bossp\.gradle\native\e1d6ef7f7dcc3fd88c89a11ec53ec762bb8ba0a96d01ffa2cd45eb1d1d8dd5c5\windows-amd64;C:\Users\bossp\.gradle\native\5664cfc778a61ccfe75a443a1ab52a65af34e5dc3c78e0209fed803814484fcb\windows-amd64

VM Arguments:
jvm_args: --add-opens=java.base/java.util=ALL-UNNAMED --add-opens=java.base/java.lang=ALL-UNNAMED --add-opens=java.base/java.lang.invoke=ALL-UNNAMED --add-opens=java.base/java.util=ALL-UNNAMED --add-opens=java.prefs/java.util.prefs=ALL-UNNAMED --add-opens=java.prefs/java.util.prefs=ALL-UNNAMED --add-opens=java.base/java.nio.charset=ALL-UNNAMED --add-opens=java.base/java.net=ALL-UNNAMED --add-opens=java.base/java.util.concurrent.atomic=ALL-UNNAMED -Xmx2048m -Dfile.encoding=UTF-8 -Duser.country=US -Duser.language=en -Duser.variant 
java_command: org.gradle.launcher.daemon.bootstrap.GradleDaemon 7.2
java_class_path (initial): C:\Users\bossp\.gradle\wrapper\dists\gradle-7.2-bin\2dnblmf4td7x66yl1d74lt32g\gradle-7.2\lib\gradle-launcher-7.2.jar
Launcher Type: SUN_STANDARD

[Global flags]
     intx CICompilerCount                          = 3                                         {product} {ergonomic}
     uint ConcGCThreads                            = 1                                         {product} {ergonomic}
     uint G1ConcRefinementThreads                  = 4                                         {product} {ergonomic}
   size_t G1HeapRegionSize                         = 1048576                                   {product} {ergonomic}
    uintx GCDrainStackTargetSize                   = 64                                        {product} {ergonomic}
   size_t InitialHeapSize                          = 266338304                                 {product} {ergonomic}
   size_t MarkStackSize                            = 4194304                                   {product} {ergonomic}
   size_t MaxHeapSize                              = 2147483648                                {product} {command line}
   size_t MaxNewSize                               = 1287651328                                {product} {ergonomic}
   size_t MinHeapDeltaBytes                        = 1048576                                   {product} {ergonomic}
    uintx NonNMethodCodeHeapSize                   = 5830732                                {pd product} {ergonomic}
    uintx NonProfiledCodeHeapSize                  = 122913754                              {pd product} {ergonomic}
    uintx ProfiledCodeHeapSize                     = 122913754                              {pd product} {ergonomic}
    uintx ReservedCodeCacheSize                    = 251658240                              {pd product} {ergonomic}
     bool SegmentedCodeCache                       = true                                      {product} {ergonomic}
     bool UseCompressedClassPointers               = true                                 {lp64_product} {ergonomic}
     bool UseCompressedOops                        = true                                 {lp64_product} {ergonomic}
     bool UseG1GC                                  = true                                      {product} {ergonomic}
     bool UseLargePagesIndividualAllocation        = false                                  {pd product} {ergonomic}

Logging:
Log output configuration:
 #0: stdout all=warning uptime,level,tags
 #1: stderr all=off uptime,level,tags

Environment Variables:
PATH=C:\Windows\system32;C:\Windows;C:\Windows\System32\Wbem;C:\Windows\System32\WindowsPowerShell\v1.0\;C:\Windows\System32\OpenSSH\;C:\Program Files\Git\cmd;C:\Program Files\nodejs\;C:\Users\bossp\AppData\Local\Microsoft\WindowsApps;C:\Users\bossp\AppData\Local\GitHubDesktop\bin;C:\Users\bossp\AppData\Roaming\npm
USERNAME=bossp
OS=Windows_NT
PROCESSOR_IDENTIFIER=Intel64 Family 6 Model 126 Stepping 5, GenuineIntel



---------------  S Y S T E M  ---------------

OS: Windows 10 , 64 bit Build 19041 (10.0.19041.1645)
OS uptime: 3 days 17:23 hours

CPU:total 4 (initial active 4) (2 cores per cpu, 2 threads per core) family 6 model 126 stepping 5 microcode 0xa8, cmov, cx8, fxsr, mmx, sse, sse2, sse3, ssse3, sse4.1, sse4.2, popcnt, avx, avx2, aes, clmul, erms, 3dnowpref, lzcnt, ht, tsc, tscinvbit, bmi1, bmi2, adx, evex, sha, fma

Memory: 4k page, system-wide physical 16151M (111M free)
TotalPageFile size 65303M (AvailPageFile size 2M)
current process WorkingSet (physical memory assigned to process): 473M, peak: 476M
current process commit charge ("private bytes"): 539M, peak: 542M

vm_info: OpenJDK 64-Bit Server VM (11.0.11+9-b60-7590822) for windows-amd64 JRE (11.0.11+9-b60-7590822), built on Jul 29 2021 21:43:44 by "builder" with MS VC++ 14.0 (VS2015)

END.
